{
  "stats": {
    "suites": 1,
    "tests": 1,
    "passes": 0,
    "pending": 0,
    "failures": 1,
    "start": "2022-09-08T09:45:19.467Z",
    "end": "2022-09-08T09:45:35.851Z",
    "duration": 16384,
    "testsRegistered": 1,
    "passPercent": 0,
    "pendingPercent": 0,
    "other": 0,
    "hasOther": false,
    "skipped": 0,
    "hasSkipped": false
  },
  "results": [
    {
      "uuid": "ccdb47bf-1b0c-4f54-b34e-b98a1887b336",
      "title": "",
      "fullFile": "cypress\\e2e\\nonSelectDropdown.cy.js",
      "file": "cypress\\e2e\\nonSelectDropdown.cy.js",
      "beforeHooks": [],
      "afterHooks": [],
      "tests": [],
      "suites": [
        {
          "uuid": "82ad748a-8d6f-4210-be71-8098bd824122",
          "title": "Non Selectable dropdown",
          "fullFile": "",
          "file": "",
          "beforeHooks": [],
          "afterHooks": [],
          "tests": [
            {
              "title": "Verify values in dropdown",
              "fullTitle": "Non Selectable dropdown Verify values in dropdown",
              "timedOut": null,
              "duration": 13539,
              "state": "failed",
              "speed": null,
              "pass": false,
              "fail": true,
              "pending": false,
              "context": null,
              "code": "cy.visit('https://seleniumpractise.blogspot.com/2016/08/bootstrap-dropdown-example-for-selenium.html');\ncy.get('ul.dropdown-menu li a').each(($ele, index, list) => {\n  if ($ele.text() === 'JavaScript') {\n    cy.log('element found');\n    cy.wrap($ele).click({});\n    cy.title().should('include', 'Selenium Practise: Bootstrap Dropdown Example for Selenium');\n  } else {\n    cy.log('Current value is ', $ele.text());\n  }\n});",
              "err": {
                "message": "CypressError: Timed out retrying after 10050ms: `cy.click()` failed because this element is not visible:\n\n`<a role=\"menuitem\" tabindex=\"-1\" href=\"http://www.learn-automation.com\">JavaScript</a>`\n\nThis element `<a>` is not visible because its parent `<ul.dropdown-menu>` has CSS property: `display: none`\n\nFix this problem, or use `{force: true}` to disable error checking.\n\nhttps://on.cypress.io/element-cannot-be-interacted-with",
                "estack": "CypressError: Timed out retrying after 10050ms: `cy.click()` failed because this element is not visible:\n\n`<a role=\"menuitem\" tabindex=\"-1\" href=\"http://www.learn-automation.com\">JavaScript</a>`\n\nThis element `<a>` is not visible because its parent `<ul.dropdown-menu>` has CSS property: `display: none`\n\nFix this problem, or use `{force: true}` to disable error checking.\n\nhttps://on.cypress.io/element-cannot-be-interacted-with\n    at runVisibilityCheck (https://seleniumpractise.blogspot.com/__cypress/runner/cypress_runner.js:157582:76)\n    at $Cy.ensureStrictVisibility (https://seleniumpractise.blogspot.com/__cypress/runner/cypress_runner.js:157598:12)\n    at runAllChecks (https://seleniumpractise.blogspot.com/__cypress/runner/cypress_runner.js:143470:14)\n    at retryActionability (https://seleniumpractise.blogspot.com/__cypress/runner/cypress_runner.js:143525:16)\n    at tryCatcher (https://seleniumpractise.blogspot.com/__cypress/runner/cypress_runner.js:11318:23)\n    at Promise.attempt.Promise.try (https://seleniumpractise.blogspot.com/__cypress/runner/cypress_runner.js:8592:29)\n    at whenStable (https://seleniumpractise.blogspot.com/__cypress/runner/cypress_runner.js:162678:65)\n    at https://seleniumpractise.blogspot.com/__cypress/runner/cypress_runner.js:162132:14\n    at tryCatcher (https://seleniumpractise.blogspot.com/__cypress/runner/cypress_runner.js:11318:23)\n    at Promise._settlePromiseFromHandler (https://seleniumpractise.blogspot.com/__cypress/runner/cypress_runner.js:9253:31)\n    at Promise._settlePromise (https://seleniumpractise.blogspot.com/__cypress/runner/cypress_runner.js:9310:18)\n    at Promise._settlePromise0 (https://seleniumpractise.blogspot.com/__cypress/runner/cypress_runner.js:9355:10)\n    at Promise._settlePromises (https://seleniumpractise.blogspot.com/__cypress/runner/cypress_runner.js:9435:18)\n    at Promise._fulfill (https://seleniumpractise.blogspot.com/__cypress/runner/cypress_runner.js:9379:18)\n    at https://seleniumpractise.blogspot.com/__cypress/runner/cypress_runner.js:10993:46\nFrom Your Spec Code:\n    at Context.eval (https://seleniumpractise.blogspot.com/__cypress/tests?p=cypress\\e2e\\nonSelectDropdown.cy.js:105:23)",
                "diff": null
              },
              "uuid": "e2ddd9ab-d06b-42da-a117-d9ca66ebfb97",
              "parentUUID": "82ad748a-8d6f-4210-be71-8098bd824122",
              "isHook": false,
              "skipped": false
            }
          ],
          "suites": [],
          "passes": [],
          "failures": [
            "e2ddd9ab-d06b-42da-a117-d9ca66ebfb97"
          ],
          "pending": [],
          "skipped": [],
          "duration": 13539,
          "root": false,
          "rootEmpty": false,
          "_timeout": 2000
        }
      ],
      "passes": [],
      "failures": [],
      "pending": [],
      "skipped": [],
      "duration": 0,
      "root": true,
      "rootEmpty": true,
      "_timeout": 2000
    }
  ],
  "meta": {
    "mocha": {
      "version": "7.0.1"
    },
    "mochawesome": {
      "options": {
        "quiet": false,
        "reportFilename": "mochawesome",
        "saveHtml": false,
        "saveJson": true,
        "consoleReporter": "spec",
        "useInlineDiffs": false,
        "code": true
      },
      "version": "7.1.3"
    },
    "marge": {
      "options": {
        "charts": true,
        "overwrite": false,
        "html": false,
        "json": true,
        "reportDir": "cypress/report/mochawesome-report"
      },
      "version": "6.2.0"
    }
  }
}