{
  "stats": {
    "suites": 1,
    "tests": 1,
    "passes": 1,
    "pending": 0,
    "failures": 0,
    "start": "2022-09-06T18:36:28.901Z",
    "end": "2022-09-06T18:36:44.868Z",
    "duration": 15967,
    "testsRegistered": 1,
    "passPercent": 100,
    "pendingPercent": 0,
    "other": 0,
    "hasOther": false,
    "skipped": 0,
    "hasSkipped": false
  },
  "results": [
    {
      "uuid": "4d13045a-9f02-439d-aff3-b9ccd9dc34b6",
      "title": "",
      "fullFile": "cypress\\e2e\\crmpro.cy.js",
      "file": "cypress\\e2e\\crmpro.cy.js",
      "beforeHooks": [],
      "afterHooks": [],
      "tests": [],
      "suites": [
        {
          "uuid": "09712440-7394-4863-9f36-463c6ddd06b7",
          "title": "CRM pro testing",
          "fullFile": "",
          "file": "",
          "beforeHooks": [],
          "afterHooks": [],
          "tests": [
            {
              "title": "verify page title",
              "fullTitle": "CRM pro testing verify page title",
              "timedOut": null,
              "duration": 11699,
              "state": "passed",
              "speed": "slow",
              "pass": true,
              "fail": false,
              "pending": false,
              "context": null,
              "code": "cy.visit('https://classic.crmpro.com/');\nconsole.log('*************************');\nconsole.log('title is ', cy.title());\ncy.url().should('include', 'crmpro');\ncy.get('.nav > :nth-child(6) > a').click();",
              "err": {},
              "uuid": "5346e88d-9383-4142-834a-174ba038f23e",
              "parentUUID": "09712440-7394-4863-9f36-463c6ddd06b7",
              "isHook": false,
              "skipped": false
            }
          ],
          "suites": [],
          "passes": [
            "5346e88d-9383-4142-834a-174ba038f23e"
          ],
          "failures": [],
          "pending": [],
          "skipped": [],
          "duration": 11699,
          "root": false,
          "rootEmpty": false,
          "_timeout": 2000
        }
      ],
      "passes": [],
      "failures": [],
      "pending": [],
      "skipped": [],
      "duration": 0,
      "root": true,
      "rootEmpty": true,
      "_timeout": 2000
    }
  ],
  "meta": {
    "mocha": {
      "version": "7.0.1"
    },
    "mochawesome": {
      "options": {
        "quiet": false,
        "reportFilename": "mochawesome",
        "saveHtml": false,
        "saveJson": true,
        "consoleReporter": "spec",
        "useInlineDiffs": false,
        "code": true
      },
      "version": "7.1.3"
    },
    "marge": {
      "options": {
        "charts": true,
        "overwrite": false,
        "html": false,
        "json": true,
        "reportDir": "cypress/report/mochawesome-report"
      },
      "version": "6.2.0"
    }
  }
}