{
  "stats": {
    "suites": 1,
    "tests": 2,
    "passes": 2,
    "pending": 0,
    "failures": 0,
    "start": "2022-09-08T10:19:48.901Z",
    "end": "2022-09-08T10:20:10.857Z",
    "duration": 21956,
    "testsRegistered": 2,
    "passPercent": 100,
    "pendingPercent": 0,
    "other": 0,
    "hasOther": false,
    "skipped": 0,
    "hasSkipped": false
  },
  "results": [
    {
      "uuid": "e01fe86a-8119-4d47-a43d-6571b451b20f",
      "title": "",
      "fullFile": "cypress\\e2e\\e2eSmoke\\spicejet.cy.js",
      "file": "cypress\\e2e\\e2eSmoke\\spicejet.cy.js",
      "beforeHooks": [],
      "afterHooks": [],
      "tests": [],
      "suites": [
        {
          "uuid": "dd476e74-bdcd-4686-bf7b-a64109432676",
          "title": "Spicejet post testing",
          "fullFile": "",
          "file": "",
          "beforeHooks": [],
          "afterHooks": [],
          "tests": [
            {
              "title": "verify home page",
              "fullTitle": "Spicejet post testing verify home page",
              "timedOut": null,
              "duration": 12406,
              "state": "passed",
              "speed": "slow",
              "pass": true,
              "fail": false,
              "pending": false,
              "context": null,
              "code": "cy.visit('https://www.spicejet.com', {\n  failOnStatusCode: false\n});\ncy.get('[data-testid=\"search-destination-code\"]').click();\ncy.get('[data-testid=\"auto-cmp-txt\"]').type('BLR').pause();\ncy.get('[data-testid=\"auto-cmp-row-title-0\"]').click();\ncy.get('.r-5njf8e > .r-1loqt21 > .css-76zvg2').should('contain', 'Login').and('have.length', 1);",
              "err": {},
              "uuid": "b4aa50d4-bd38-4c4d-9f3f-483279b549cb",
              "parentUUID": "dd476e74-bdcd-4686-bf7b-a64109432676",
              "isHook": false,
              "skipped": false
            },
            {
              "title": "verify spicejet portal details",
              "fullTitle": "Spicejet post testing verify spicejet portal details",
              "timedOut": null,
              "duration": 5786,
              "state": "passed",
              "speed": "medium",
              "pass": true,
              "fail": false,
              "pending": false,
              "context": null,
              "code": "cy.visit('https://www.spicejet.com');\ncy.SpicejetTitle('SpiceJet - Flight Booking for Domestic and International, Cheap Air Tickets');",
              "err": {},
              "uuid": "c7718774-7e42-408c-af14-f22d0860f4a1",
              "parentUUID": "dd476e74-bdcd-4686-bf7b-a64109432676",
              "isHook": false,
              "skipped": false
            }
          ],
          "suites": [],
          "passes": [
            "b4aa50d4-bd38-4c4d-9f3f-483279b549cb",
            "c7718774-7e42-408c-af14-f22d0860f4a1"
          ],
          "failures": [],
          "pending": [],
          "skipped": [],
          "duration": 18192,
          "root": false,
          "rootEmpty": false,
          "_timeout": 2000
        }
      ],
      "passes": [],
      "failures": [],
      "pending": [],
      "skipped": [],
      "duration": 0,
      "root": true,
      "rootEmpty": true,
      "_timeout": 2000
    }
  ],
  "meta": {
    "mocha": {
      "version": "7.0.1"
    },
    "mochawesome": {
      "options": {
        "quiet": false,
        "reportFilename": "mochawesome",
        "saveHtml": false,
        "saveJson": true,
        "consoleReporter": "spec",
        "useInlineDiffs": false,
        "code": true
      },
      "version": "7.1.3"
    },
    "marge": {
      "options": {
        "charts": true,
        "overwrite": false,
        "html": false,
        "json": true,
        "reportDir": "cypress/report/mochawesome-report"
      },
      "version": "6.2.0"
    }
  }
}