{
  "stats": {
    "suites": 1,
    "tests": 2,
    "passes": 2,
    "pending": 0,
    "failures": 0,
    "start": "2022-09-08T09:46:00.707Z",
    "end": "2022-09-08T09:46:20.084Z",
    "duration": 19377,
    "testsRegistered": 2,
    "passPercent": 100,
    "pendingPercent": 0,
    "other": 0,
    "hasOther": false,
    "skipped": 0,
    "hasSkipped": false
  },
  "results": [
    {
      "uuid": "d5082787-2b65-449f-b9da-74ff605718c8",
      "title": "",
      "fullFile": "cypress\\e2e\\spicejet.cy.js",
      "file": "cypress\\e2e\\spicejet.cy.js",
      "beforeHooks": [],
      "afterHooks": [],
      "tests": [],
      "suites": [
        {
          "uuid": "f7e43315-44df-441b-a859-8f38336246ff",
          "title": "Spicejet post testing",
          "fullFile": "",
          "file": "",
          "beforeHooks": [],
          "afterHooks": [],
          "tests": [
            {
              "title": "verify home page",
              "fullTitle": "Spicejet post testing verify home page",
              "timedOut": null,
              "duration": 10201,
              "state": "passed",
              "speed": "slow",
              "pass": true,
              "fail": false,
              "pending": false,
              "context": null,
              "code": "cy.visit('https://www.spicejet.com', {\n  failOnStatusCode: false\n});\ncy.get('[data-testid=\"search-destination-code\"]').click();\ncy.get('[data-testid=\"auto-cmp-txt\"]').type('BLR').pause();\ncy.get('[data-testid=\"auto-cmp-row-title-0\"]').click();\ncy.get('.r-5njf8e > .r-1loqt21 > .css-76zvg2').should('contain', 'Login').and('have.length', 1);",
              "err": {},
              "uuid": "009e6d55-31d1-406a-b45c-50801d5fd512",
              "parentUUID": "f7e43315-44df-441b-a859-8f38336246ff",
              "isHook": false,
              "skipped": false
            },
            {
              "title": "verify spicejet portal details",
              "fullTitle": "Spicejet post testing verify spicejet portal details",
              "timedOut": null,
              "duration": 5697,
              "state": "passed",
              "speed": "medium",
              "pass": true,
              "fail": false,
              "pending": false,
              "context": null,
              "code": "cy.visit('https://www.spicejet.com');\ncy.SpicejetTitle('SpiceJet - Flight Booking for Domestic and International, Cheap Air Tickets');",
              "err": {},
              "uuid": "0c3bc64e-37f9-4766-8b67-30acc3f514ea",
              "parentUUID": "f7e43315-44df-441b-a859-8f38336246ff",
              "isHook": false,
              "skipped": false
            }
          ],
          "suites": [],
          "passes": [
            "009e6d55-31d1-406a-b45c-50801d5fd512",
            "0c3bc64e-37f9-4766-8b67-30acc3f514ea"
          ],
          "failures": [],
          "pending": [],
          "skipped": [],
          "duration": 15898,
          "root": false,
          "rootEmpty": false,
          "_timeout": 2000
        }
      ],
      "passes": [],
      "failures": [],
      "pending": [],
      "skipped": [],
      "duration": 0,
      "root": true,
      "rootEmpty": true,
      "_timeout": 2000
    }
  ],
  "meta": {
    "mocha": {
      "version": "7.0.1"
    },
    "mochawesome": {
      "options": {
        "quiet": false,
        "reportFilename": "mochawesome",
        "saveHtml": false,
        "saveJson": true,
        "consoleReporter": "spec",
        "useInlineDiffs": false,
        "code": true
      },
      "version": "7.1.3"
    },
    "marge": {
      "options": {
        "charts": true,
        "overwrite": false,
        "html": false,
        "json": true,
        "reportDir": "cypress/report/mochawesome-report"
      },
      "version": "6.2.0"
    }
  }
}