{
  "stats": {
    "suites": 1,
    "tests": 1,
    "passes": 1,
    "pending": 0,
    "failures": 0,
    "start": "2022-09-06T18:38:09.579Z",
    "end": "2022-09-06T18:38:23.903Z",
    "duration": 14324,
    "testsRegistered": 1,
    "passPercent": 100,
    "pendingPercent": 0,
    "other": 0,
    "hasOther": false,
    "skipped": 0,
    "hasSkipped": false
  },
  "results": [
    {
      "uuid": "682e3259-17fb-4280-bc4a-77dd97d0c01d",
      "title": "",
      "fullFile": "cypress\\e2e\\freshwork.cy.js",
      "file": "cypress\\e2e\\freshwork.cy.js",
      "beforeHooks": [],
      "afterHooks": [],
      "tests": [],
      "suites": [
        {
          "uuid": "d1f05184-3f25-4b72-a6ab-da252360bad5",
          "title": "Freshworks portal",
          "fullFile": "",
          "file": "",
          "beforeHooks": [],
          "afterHooks": [],
          "tests": [
            {
              "title": "verify the footer links",
              "fullTitle": "Freshworks portal verify the footer links",
              "timedOut": null,
              "duration": 11567,
              "state": "passed",
              "speed": "slow",
              "pass": true,
              "fail": false,
              "pending": false,
              "context": null,
              "code": "cy.visit('https://www.freshworks.com');\ncy.get(\"ul.footer-nav>li\").should(\"have.length\", 24);",
              "err": {},
              "uuid": "b0fe140f-05de-4f94-9955-4654878d3733",
              "parentUUID": "d1f05184-3f25-4b72-a6ab-da252360bad5",
              "isHook": false,
              "skipped": false
            }
          ],
          "suites": [],
          "passes": [
            "b0fe140f-05de-4f94-9955-4654878d3733"
          ],
          "failures": [],
          "pending": [],
          "skipped": [],
          "duration": 11567,
          "root": false,
          "rootEmpty": false,
          "_timeout": 2000
        }
      ],
      "passes": [],
      "failures": [],
      "pending": [],
      "skipped": [],
      "duration": 0,
      "root": true,
      "rootEmpty": true,
      "_timeout": 2000
    }
  ],
  "meta": {
    "mocha": {
      "version": "7.0.1"
    },
    "mochawesome": {
      "options": {
        "quiet": false,
        "reportFilename": "mochawesome",
        "saveHtml": false,
        "saveJson": true,
        "consoleReporter": "spec",
        "useInlineDiffs": false,
        "code": true
      },
      "version": "7.1.3"
    },
    "marge": {
      "options": {
        "charts": true,
        "overwrite": false,
        "html": false,
        "json": true,
        "reportDir": "cypress/report/mochawesome-report"
      },
      "version": "6.2.0"
    }
  }
}