{
  "stats": {
    "suites": 5,
    "tests": 4,
    "passes": 4,
    "pending": 0,
    "failures": 0,
    "start": "2022-10-13T14:45:27.331Z",
    "end": "2022-10-13T14:45:42.053Z",
    "duration": 14722,
    "testsRegistered": 4,
    "passPercent": 100,
    "pendingPercent": 0,
    "other": 0,
    "hasOther": false,
    "skipped": 0,
    "hasSkipped": false
  },
  "results": [
    {
      "uuid": "be12fc39-7dc2-4270-954f-b14045c0faed",
      "title": "",
      "fullFile": "cypress\\e2e\\e2eSmoke\\Conduittest22.cy.js",
      "file": "cypress\\e2e\\e2eSmoke\\Conduittest22.cy.js",
      "beforeHooks": [],
      "afterHooks": [],
      "tests": [],
      "suites": [
        {
          "uuid": "6fb16e8f-3bac-4339-8df8-68ce48357a86",
          "title": "http://angularjs.realworld.io/#/",
          "fullFile": "",
          "file": "",
          "beforeHooks": [],
          "afterHooks": [],
          "tests": [],
          "suites": [
            {
              "uuid": "d7de7eac-b09b-4127-bfa4-57715989c6ec",
              "title": "Testing on desktop",
              "fullFile": "",
              "file": "",
              "beforeHooks": [],
              "afterHooks": [],
              "tests": [],
              "suites": [
                {
                  "uuid": "2d6aefb3-f083-4cdc-b05b-3dc6f8210c98",
                  "title": "Conduit application test cases",
                  "fullFile": "",
                  "file": "",
                  "beforeHooks": [],
                  "afterHooks": [],
                  "tests": [
                    {
                      "title": "verify login functionality",
                      "fullTitle": "http://angularjs.realworld.io/#/ Testing on desktop Conduit application test cases verify login functionality",
                      "timedOut": null,
                      "duration": 3925,
                      "state": "passed",
                      "speed": "fast",
                      "pass": true,
                      "fail": false,
                      "pending": false,
                      "context": null,
                      "code": "cy.get('a.nav-link[href=\"#/login\"]').click();\ncy.title().should('equal', 'Sign in — Conduit');\ncy.get('input.ng-valid-email').type('shivanigoel1709@gmail.com');\ncy.get(`input.ng-pristine[type='password']`).type('password123');\ncy.get('button.btn').click();\ncy.get(\"ul.pull-xs-right[show-authed='true'] li.nav-item:nth-of-type(4) a\").should('contain', 'shivanigoel1709');",
                      "err": {},
                      "uuid": "0a6fb122-423d-4b23-af4b-360132644806",
                      "parentUUID": "2d6aefb3-f083-4cdc-b05b-3dc6f8210c98",
                      "isHook": false,
                      "skipped": false
                    },
                    {
                      "title": "verify settings festure",
                      "fullTitle": "http://angularjs.realworld.io/#/ Testing on desktop Conduit application test cases verify settings festure",
                      "timedOut": null,
                      "duration": 3171,
                      "state": "passed",
                      "speed": "fast",
                      "pass": true,
                      "fail": false,
                      "pending": false,
                      "context": null,
                      "code": "cy.get('a.nav-link[href=\"#/login\"]').click();\ncy.title().should('equal', 'Sign in — Conduit');\ncy.get('input.ng-valid-email').type('shivanigoel1709@gmail.com');\ncy.get(`input.ng-pristine[type='password']`).type('password123');\ncy.get('button.btn').click();\ncy.get(\"ul.pull-xs-right[show-authed='true'] li.nav-item:nth-of-type(4) a\").should('contain', 'shivanigoel1709');\ncy.get(`a.nav-link[ui-sref='app.settings']`).click();\ncy.title().should('equal', 'Settings — Conduit');\ncy.get(`input.form-control[placeholder='URL of profile picture']`).invoke('val').should('contain', \"smiley-cyrus.jpeg\");\ncy.get(`input.form-control[placeholder='Username']`).invoke('val').should('contain', 'shivanigoel1709');\ncy.get('textarea.form-control').type('Hi there, this is Shivani');\ncy.get(`input.form-control[type='email']`).invoke('val').should('contain', 'shivanigoel1709@gmail.com');\ncy.get('button.btn-lg').should('be.visible');",
                      "err": {},
                      "uuid": "648afcab-7135-4f3f-9cd2-71d636a2697a",
                      "parentUUID": "2d6aefb3-f083-4cdc-b05b-3dc6f8210c98",
                      "isHook": false,
                      "skipped": false
                    }
                  ],
                  "suites": [],
                  "passes": [
                    "0a6fb122-423d-4b23-af4b-360132644806",
                    "648afcab-7135-4f3f-9cd2-71d636a2697a"
                  ],
                  "failures": [],
                  "pending": [],
                  "skipped": [],
                  "duration": 7096,
                  "root": false,
                  "rootEmpty": false,
                  "_timeout": 2000
                }
              ],
              "passes": [],
              "failures": [],
              "pending": [],
              "skipped": [],
              "duration": 0,
              "root": false,
              "rootEmpty": false,
              "_timeout": 2000
            },
            {
              "uuid": "5c60e886-0d38-4910-9a2f-77f5129bb196",
              "title": "Testing on mobile simulator",
              "fullFile": "",
              "file": "",
              "beforeHooks": [],
              "afterHooks": [],
              "tests": [],
              "suites": [
                {
                  "uuid": "b4d0af40-9649-4f18-b725-5df62f8effdf",
                  "title": "Conduit application test cases",
                  "fullFile": "",
                  "file": "",
                  "beforeHooks": [],
                  "afterHooks": [],
                  "tests": [
                    {
                      "title": "verify login functionality",
                      "fullTitle": "http://angularjs.realworld.io/#/ Testing on mobile simulator Conduit application test cases verify login functionality",
                      "timedOut": null,
                      "duration": 2193,
                      "state": "passed",
                      "speed": "fast",
                      "pass": true,
                      "fail": false,
                      "pending": false,
                      "context": null,
                      "code": "cy.get('a.nav-link[href=\"#/login\"]').click();\ncy.title().should('equal', 'Sign in — Conduit');\ncy.get('input.ng-valid-email').type('shivanigoel1709@gmail.com');\ncy.get(`input.ng-pristine[type='password']`).type('password123');\ncy.get('button.btn').click();\ncy.get(\"ul.pull-xs-right[show-authed='true'] li.nav-item:nth-of-type(4) a\").should('contain', 'shivanigoel1709');",
                      "err": {},
                      "uuid": "0ebcb63a-7978-4311-9fe8-7cd0223cf534",
                      "parentUUID": "b4d0af40-9649-4f18-b725-5df62f8effdf",
                      "isHook": false,
                      "skipped": false
                    },
                    {
                      "title": "verify settings festure",
                      "fullTitle": "http://angularjs.realworld.io/#/ Testing on mobile simulator Conduit application test cases verify settings festure",
                      "timedOut": null,
                      "duration": 3188,
                      "state": "passed",
                      "speed": "fast",
                      "pass": true,
                      "fail": false,
                      "pending": false,
                      "context": null,
                      "code": "cy.get('a.nav-link[href=\"#/login\"]').click();\ncy.title().should('equal', 'Sign in — Conduit');\ncy.get('input.ng-valid-email').type('shivanigoel1709@gmail.com');\ncy.get(`input.ng-pristine[type='password']`).type('password123');\ncy.get('button.btn').click();\ncy.get(\"ul.pull-xs-right[show-authed='true'] li.nav-item:nth-of-type(4) a\").should('contain', 'shivanigoel1709');\ncy.get(`a.nav-link[ui-sref='app.settings']`).click();\ncy.title().should('equal', 'Settings — Conduit');\ncy.get(`input.form-control[placeholder='URL of profile picture']`).invoke('val').should('contain', \"smiley-cyrus.jpeg\");\ncy.get(`input.form-control[placeholder='Username']`).invoke('val').should('contain', 'shivanigoel1709');\ncy.get('textarea.form-control').type('Hi there, this is Shivani');\ncy.get(`input.form-control[type='email']`).invoke('val').should('contain', 'shivanigoel1709@gmail.com');\ncy.get('button.btn-lg').should('be.visible');",
                      "err": {},
                      "uuid": "a63ce438-ca6a-46a4-b79d-aac92aa58038",
                      "parentUUID": "b4d0af40-9649-4f18-b725-5df62f8effdf",
                      "isHook": false,
                      "skipped": false
                    }
                  ],
                  "suites": [],
                  "passes": [
                    "0ebcb63a-7978-4311-9fe8-7cd0223cf534",
                    "a63ce438-ca6a-46a4-b79d-aac92aa58038"
                  ],
                  "failures": [],
                  "pending": [],
                  "skipped": [],
                  "duration": 5381,
                  "root": false,
                  "rootEmpty": false,
                  "_timeout": 2000
                }
              ],
              "passes": [],
              "failures": [],
              "pending": [],
              "skipped": [],
              "duration": 0,
              "root": false,
              "rootEmpty": false,
              "_timeout": 2000
            }
          ],
          "passes": [],
          "failures": [],
          "pending": [],
          "skipped": [],
          "duration": 0,
          "root": false,
          "rootEmpty": false,
          "_timeout": 2000
        }
      ],
      "passes": [],
      "failures": [],
      "pending": [],
      "skipped": [],
      "duration": 0,
      "root": true,
      "rootEmpty": true,
      "_timeout": 2000
    }
  ],
  "meta": {
    "mocha": {
      "version": "7.0.1"
    },
    "mochawesome": {
      "options": {
        "quiet": false,
        "reportFilename": "mochawesome",
        "saveHtml": false,
        "saveJson": true,
        "consoleReporter": "spec",
        "useInlineDiffs": false,
        "code": true
      },
      "version": "7.1.3"
    },
    "marge": {
      "options": {
        "charts": true,
        "overwrite": false,
        "html": false,
        "json": true,
        "reportDir": "cypress/report/mochawesome-report"
      },
      "version": "6.2.0"
    }
  }
}