{
  "stats": {
    "suites": 1,
    "tests": 3,
    "passes": 3,
    "pending": 0,
    "failures": 0,
    "start": "2022-09-06T18:39:33.353Z",
    "end": "2022-09-06T18:39:44.095Z",
    "duration": 10742,
    "testsRegistered": 3,
    "passPercent": 100,
    "pendingPercent": 0,
    "other": 0,
    "hasOther": false,
    "skipped": 0,
    "hasSkipped": false
  },
  "results": [
    {
      "uuid": "0bc71639-17bc-43e3-a247-03c427109218",
      "title": "",
      "fullFile": "cypress\\e2e\\viewporttest.cy.js",
      "file": "cypress\\e2e\\viewporttest.cy.js",
      "beforeHooks": [],
      "afterHooks": [],
      "tests": [],
      "suites": [
        {
          "uuid": "ac91bbc8-bfd8-48ff-b7db-5247cedc4cf2",
          "title": "different resolutions",
          "fullFile": "",
          "file": "",
          "beforeHooks": [],
          "afterHooks": [],
          "tests": [
            {
              "title": "open in machbook-13",
              "fullTitle": "different resolutions open in machbook-13",
              "timedOut": null,
              "duration": 3534,
              "state": "passed",
              "speed": "fast",
              "pass": true,
              "fail": false,
              "pending": false,
              "context": null,
              "code": "cy.viewport('macbook-13');\ncy.screenshot();\ncy.wait(200);",
              "err": {},
              "uuid": "3f63010b-ffcb-47f1-8511-054919f225f3",
              "parentUUID": "ac91bbc8-bfd8-48ff-b7db-5247cedc4cf2",
              "isHook": false,
              "skipped": false
            },
            {
              "title": "open in samsung-note9",
              "fullTitle": "different resolutions open in samsung-note9",
              "timedOut": null,
              "duration": 2523,
              "state": "passed",
              "speed": "fast",
              "pass": true,
              "fail": false,
              "pending": false,
              "context": null,
              "code": "cy.viewport('samsung-note9');\ncy.screenshot();\ncy.wait(200);",
              "err": {},
              "uuid": "47bb892e-3021-4733-ad03-eda04a94225a",
              "parentUUID": "ac91bbc8-bfd8-48ff-b7db-5247cedc4cf2",
              "isHook": false,
              "skipped": false
            },
            {
              "title": "open in 550 and 750",
              "fullTitle": "different resolutions open in 550 and 750",
              "timedOut": null,
              "duration": 2166,
              "state": "passed",
              "speed": "fast",
              "pass": true,
              "fail": false,
              "pending": false,
              "context": null,
              "code": "cy.viewport(550, 750);\ncy.screenshot();\ncy.wait(200);",
              "err": {},
              "uuid": "d1edb5c2-40e1-4d10-97fa-13eacdbde391",
              "parentUUID": "ac91bbc8-bfd8-48ff-b7db-5247cedc4cf2",
              "isHook": false,
              "skipped": false
            }
          ],
          "suites": [],
          "passes": [
            "3f63010b-ffcb-47f1-8511-054919f225f3",
            "47bb892e-3021-4733-ad03-eda04a94225a",
            "d1edb5c2-40e1-4d10-97fa-13eacdbde391"
          ],
          "failures": [],
          "pending": [],
          "skipped": [],
          "duration": 8223,
          "root": false,
          "rootEmpty": false,
          "_timeout": 2000
        }
      ],
      "passes": [],
      "failures": [],
      "pending": [],
      "skipped": [],
      "duration": 0,
      "root": true,
      "rootEmpty": true,
      "_timeout": 2000
    }
  ],
  "meta": {
    "mocha": {
      "version": "7.0.1"
    },
    "mochawesome": {
      "options": {
        "quiet": false,
        "reportFilename": "mochawesome",
        "saveHtml": false,
        "saveJson": true,
        "consoleReporter": "spec",
        "useInlineDiffs": false,
        "code": true
      },
      "version": "7.1.3"
    },
    "marge": {
      "options": {
        "charts": true,
        "overwrite": false,
        "html": false,
        "json": true,
        "reportDir": "cypress/report/mochawesome-report"
      },
      "version": "6.2.0"
    }
  }
}