{
  "stats": {
    "suites": 1,
    "tests": 1,
    "passes": 1,
    "pending": 0,
    "failures": 0,
    "start": "2022-09-06T18:35:58.470Z",
    "end": "2022-09-06T18:36:23.641Z",
    "duration": 25171,
    "testsRegistered": 1,
    "passPercent": 100,
    "pendingPercent": 0,
    "other": 0,
    "hasOther": false,
    "skipped": 0,
    "hasSkipped": false
  },
  "results": [
    {
      "uuid": "804bc265-38aa-4a0c-a869-257dfdb471f6",
      "title": "",
      "fullFile": "cypress\\e2e\\amazon.cy.js",
      "file": "cypress\\e2e\\amazon.cy.js",
      "beforeHooks": [],
      "afterHooks": [],
      "tests": [],
      "suites": [
        {
          "uuid": "a5bf3fe9-2bf2-4e75-93b4-ad543bfcda82",
          "title": "Amazon Portal Testing",
          "fullFile": "",
          "file": "",
          "beforeHooks": [],
          "afterHooks": [],
          "tests": [
            {
              "title": "verify search in amazon",
              "fullTitle": "Amazon Portal Testing verify search in amazon",
              "timedOut": null,
              "duration": 21760,
              "state": "passed",
              "speed": "slow",
              "pass": true,
              "fail": false,
              "pending": false,
              "context": null,
              "code": "cy.visit('https://www.amazon.in');\ncy.get('div.nav-search-field').within(() => {\n  cy.get('input#twotabsearchtextbox').type('Apple Mac Book');\n});",
              "err": {},
              "uuid": "7fe7c82f-7c0d-469e-bd9f-fe24be5dfae0",
              "parentUUID": "a5bf3fe9-2bf2-4e75-93b4-ad543bfcda82",
              "isHook": false,
              "skipped": false
            }
          ],
          "suites": [],
          "passes": [
            "7fe7c82f-7c0d-469e-bd9f-fe24be5dfae0"
          ],
          "failures": [],
          "pending": [],
          "skipped": [],
          "duration": 21760,
          "root": false,
          "rootEmpty": false,
          "_timeout": 2000
        }
      ],
      "passes": [],
      "failures": [],
      "pending": [],
      "skipped": [],
      "duration": 0,
      "root": true,
      "rootEmpty": true,
      "_timeout": 2000
    }
  ],
  "meta": {
    "mocha": {
      "version": "7.0.1"
    },
    "mochawesome": {
      "options": {
        "quiet": false,
        "reportFilename": "mochawesome",
        "saveHtml": false,
        "saveJson": true,
        "consoleReporter": "spec",
        "useInlineDiffs": false,
        "code": true
      },
      "version": "7.1.3"
    },
    "marge": {
      "options": {
        "charts": true,
        "overwrite": false,
        "html": false,
        "json": true,
        "reportDir": "cypress/report/mochawesome-report"
      },
      "version": "6.2.0"
    }
  }
}