{
  "stats": {
    "suites": 1,
    "tests": 1,
    "passes": 1,
    "pending": 0,
    "failures": 0,
    "start": "2022-09-08T10:15:26.414Z",
    "end": "2022-09-08T10:15:44.200Z",
    "duration": 17786,
    "testsRegistered": 1,
    "passPercent": 100,
    "pendingPercent": 0,
    "other": 0,
    "hasOther": false,
    "skipped": 0,
    "hasSkipped": false
  },
  "results": [
    {
      "uuid": "6c00f3ec-79de-4652-b011-63feb580ef8e",
      "title": "",
      "fullFile": "cypress\\e2e\\crmpro.cy.js",
      "file": "cypress\\e2e\\crmpro.cy.js",
      "beforeHooks": [],
      "afterHooks": [],
      "tests": [],
      "suites": [
        {
          "uuid": "ea830cb6-70f5-457d-864c-3dba01550ffa",
          "title": "CRM pro testing",
          "fullFile": "",
          "file": "",
          "beforeHooks": [],
          "afterHooks": [],
          "tests": [
            {
              "title": "verify page title",
              "fullTitle": "CRM pro testing verify page title",
              "timedOut": null,
              "duration": 13672,
              "state": "passed",
              "speed": "slow",
              "pass": true,
              "fail": false,
              "pending": false,
              "context": null,
              "code": "cy.visit('https://classic.crmpro.com/');\nconsole.log('*************************');\nconsole.log('title is ', cy.title());\ncy.url().should('include', 'crmpro');\ncy.get('.nav > :nth-child(6) > a').click();",
              "err": {},
              "uuid": "4dc5a2b6-90c4-4a68-8cfe-5ee0339dcb43",
              "parentUUID": "ea830cb6-70f5-457d-864c-3dba01550ffa",
              "isHook": false,
              "skipped": false
            }
          ],
          "suites": [],
          "passes": [
            "4dc5a2b6-90c4-4a68-8cfe-5ee0339dcb43"
          ],
          "failures": [],
          "pending": [],
          "skipped": [],
          "duration": 13672,
          "root": false,
          "rootEmpty": false,
          "_timeout": 2000
        }
      ],
      "passes": [],
      "failures": [],
      "pending": [],
      "skipped": [],
      "duration": 0,
      "root": true,
      "rootEmpty": true,
      "_timeout": 2000
    }
  ],
  "meta": {
    "mocha": {
      "version": "7.0.1"
    },
    "mochawesome": {
      "options": {
        "quiet": false,
        "reportFilename": "mochawesome",
        "saveHtml": false,
        "saveJson": true,
        "consoleReporter": "spec",
        "useInlineDiffs": false,
        "code": true
      },
      "version": "7.1.3"
    },
    "marge": {
      "options": {
        "charts": true,
        "overwrite": false,
        "html": false,
        "json": true,
        "reportDir": "cypress/report/mochawesome-report"
      },
      "version": "6.2.0"
    }
  }
}