{
  "stats": {
    "suites": 1,
    "tests": 1,
    "passes": 0,
    "pending": 1,
    "failures": 0,
    "start": "2022-09-07T12:33:59.317Z",
    "end": "2022-09-07T12:35:02.614Z",
    "duration": 63297,
    "testsRegistered": 2,
    "passPercent": 0,
    "pendingPercent": 50,
    "other": 1,
    "hasOther": true,
    "skipped": 0,
    "hasSkipped": false
  },
  "results": [
    {
      "uuid": "1a2d697e-40c8-4fa9-a027-8fee8bf9a341",
      "title": "",
      "fullFile": "cypress\\e2e\\spicejet.cy.js",
      "file": "cypress\\e2e\\spicejet.cy.js",
      "beforeHooks": [],
      "afterHooks": [],
      "tests": [],
      "suites": [
        {
          "uuid": "1adb8e98-bea4-4450-b3cd-f6b10a5be5ab",
          "title": "Spicejet post testing",
          "fullFile": "",
          "file": "",
          "beforeHooks": [],
          "afterHooks": [],
          "tests": [
            {
              "title": "verify home page",
              "fullTitle": "Spicejet post testing verify home page",
              "timedOut": null,
              "duration": 0,
              "state": "pending",
              "speed": null,
              "pass": false,
              "fail": false,
              "pending": true,
              "context": null,
              "code": "",
              "err": {},
              "uuid": "8ee3d1ad-b628-4c76-bbfb-f54d11de771e",
              "parentUUID": "1adb8e98-bea4-4450-b3cd-f6b10a5be5ab",
              "isHook": false,
              "skipped": false
            },
            {
              "title": "verify spicejet portal details",
              "fullTitle": "Spicejet post testing verify spicejet portal details",
              "timedOut": null,
              "duration": 60436,
              "state": "failed",
              "speed": null,
              "pass": false,
              "fail": true,
              "pending": false,
              "context": null,
              "code": "cy.visit('https://www.spicejet.com');\ncy.SpicejetTitle('SpiceJet - Flight Booking for Domestic and International, Cheap Air Tickets');",
              "err": {
                "message": "CypressError: Timed out after waiting `60000ms` for your remote page to load.\n\nYour page did not fire its `load` event within `60000ms`.\n\nYou can try increasing the `pageLoadTimeout` value in `cypress.config.js` to wait longer.\n\nBrowsers will not fire the `load` event until all stylesheets and scripts are done downloading.\n\nWhen this `load` event occurs, Cypress will continue running commands.",
                "estack": "CypressError: Timed out after waiting `60000ms` for your remote page to load.\n\nYour page did not fire its `load` event within `60000ms`.\n\nYou can try increasing the `pageLoadTimeout` value in `cypress.config.js` to wait longer.\n\nBrowsers will not fire the `load` event until all stylesheets and scripts are done downloading.\n\nWhen this `load` event occurs, Cypress will continue running commands.\n    at timedOutWaitingForPageLoad (https://www.spicejet.com/__cypress/runner/cypress_runner.js:151177:74)\n    at https://www.spicejet.com/__cypress/runner/cypress_runner.js:152398:16\n    at tryCatcher (https://www.spicejet.com/__cypress/runner/cypress_runner.js:11318:23)\n    at https://www.spicejet.com/__cypress/runner/cypress_runner.js:6440:41\n    at tryCatcher (https://www.spicejet.com/__cypress/runner/cypress_runner.js:11318:23)\n    at Promise._settlePromiseFromHandler (https://www.spicejet.com/__cypress/runner/cypress_runner.js:9253:31)\n    at Promise._settlePromise (https://www.spicejet.com/__cypress/runner/cypress_runner.js:9310:18)\n    at Promise._settlePromise0 (https://www.spicejet.com/__cypress/runner/cypress_runner.js:9355:10)\n    at Promise._settlePromises (https://www.spicejet.com/__cypress/runner/cypress_runner.js:9431:18)\n    at _drainQueueStep (https://www.spicejet.com/__cypress/runner/cypress_runner.js:6025:12)\n    at _drainQueue (https://www.spicejet.com/__cypress/runner/cypress_runner.js:6018:9)\n    at ../../node_modules/bluebird/js/release/async.js.Async._drainQueues (https://www.spicejet.com/__cypress/runner/cypress_runner.js:6034:5)\n    at Async.drainQueues (https://www.spicejet.com/__cypress/runner/cypress_runner.js:5904:14)\nFrom Your Spec Code:\n    at Context.eval (https://www.spicejet.com/__cypress/tests?p=cypress\\e2e\\spicejet.cy.js:110:8)",
                "diff": null
              },
              "uuid": "6afab8ed-6f29-430b-a178-a218eefd344a",
              "parentUUID": "1adb8e98-bea4-4450-b3cd-f6b10a5be5ab",
              "isHook": false,
              "skipped": false
            }
          ],
          "suites": [],
          "passes": [],
          "failures": [
            "6afab8ed-6f29-430b-a178-a218eefd344a"
          ],
          "pending": [
            "8ee3d1ad-b628-4c76-bbfb-f54d11de771e"
          ],
          "skipped": [],
          "duration": 60436,
          "root": false,
          "rootEmpty": false,
          "_timeout": 2000
        }
      ],
      "passes": [],
      "failures": [],
      "pending": [],
      "skipped": [],
      "duration": 0,
      "root": true,
      "rootEmpty": true,
      "_timeout": 2000
    }
  ],
  "meta": {
    "mocha": {
      "version": "7.0.1"
    },
    "mochawesome": {
      "options": {
        "quiet": false,
        "reportFilename": "mochawesome",
        "saveHtml": false,
        "saveJson": true,
        "consoleReporter": "spec",
        "useInlineDiffs": false,
        "code": true
      },
      "version": "7.1.3"
    },
    "marge": {
      "options": {
        "charts": true,
        "overwrite": false,
        "html": false,
        "json": true,
        "reportDir": "cypress/report/mochawesome-report"
      },
      "version": "6.2.0"
    }
  }
}