{
  "stats": {
    "suites": 1,
    "tests": 1,
    "passes": 1,
    "pending": 0,
    "failures": 0,
    "start": "2022-09-07T12:30:07.839Z",
    "end": "2022-09-07T12:30:25.763Z",
    "duration": 17924,
    "testsRegistered": 1,
    "passPercent": 100,
    "pendingPercent": 0,
    "other": 0,
    "hasOther": false,
    "skipped": 0,
    "hasSkipped": false
  },
  "results": [
    {
      "uuid": "60cdb1ca-f9b8-47cc-a839-df62540e81a3",
      "title": "",
      "fullFile": "cypress\\e2e\\crmpro.cy.js",
      "file": "cypress\\e2e\\crmpro.cy.js",
      "beforeHooks": [],
      "afterHooks": [],
      "tests": [],
      "suites": [
        {
          "uuid": "289b521c-8960-456c-8f3e-e6699692298d",
          "title": "CRM pro testing",
          "fullFile": "",
          "file": "",
          "beforeHooks": [],
          "afterHooks": [],
          "tests": [
            {
              "title": "verify page title",
              "fullTitle": "CRM pro testing verify page title",
              "timedOut": null,
              "duration": 13681,
              "state": "passed",
              "speed": "slow",
              "pass": true,
              "fail": false,
              "pending": false,
              "context": null,
              "code": "cy.visit('https://classic.crmpro.com/');\nconsole.log('*************************');\nconsole.log('title is ', cy.title());\ncy.url().should('include', 'crmpro');\ncy.get('.nav > :nth-child(6) > a').click();",
              "err": {},
              "uuid": "b845729f-899f-4113-afb9-7b9ee51fd74b",
              "parentUUID": "289b521c-8960-456c-8f3e-e6699692298d",
              "isHook": false,
              "skipped": false
            }
          ],
          "suites": [],
          "passes": [
            "b845729f-899f-4113-afb9-7b9ee51fd74b"
          ],
          "failures": [],
          "pending": [],
          "skipped": [],
          "duration": 13681,
          "root": false,
          "rootEmpty": false,
          "_timeout": 2000
        }
      ],
      "passes": [],
      "failures": [],
      "pending": [],
      "skipped": [],
      "duration": 0,
      "root": true,
      "rootEmpty": true,
      "_timeout": 2000
    }
  ],
  "meta": {
    "mocha": {
      "version": "7.0.1"
    },
    "mochawesome": {
      "options": {
        "quiet": false,
        "reportFilename": "mochawesome",
        "saveHtml": false,
        "saveJson": true,
        "consoleReporter": "spec",
        "useInlineDiffs": false,
        "code": true
      },
      "version": "7.1.3"
    },
    "marge": {
      "options": {
        "charts": true,
        "overwrite": false,
        "html": false,
        "json": true,
        "reportDir": "cypress/report/mochawesome-report"
      },
      "version": "6.2.0"
    }
  }
}