{
  "stats": {
    "suites": 1,
    "tests": 1,
    "passes": 1,
    "pending": 0,
    "failures": 0,
    "start": "2022-09-06T19:24:57.545Z",
    "end": "2022-09-06T19:25:16.627Z",
    "duration": 19082,
    "testsRegistered": 1,
    "passPercent": 100,
    "pendingPercent": 0,
    "other": 0,
    "hasOther": false,
    "skipped": 0,
    "hasSkipped": false
  },
  "results": [
    {
      "uuid": "698e9b01-fb8f-4b2d-b433-4e83b83c77b8",
      "title": "",
      "fullFile": "cypress\\e2e\\e2eSmoke\\amazon.cy.js",
      "file": "cypress\\e2e\\e2eSmoke\\amazon.cy.js",
      "beforeHooks": [],
      "afterHooks": [],
      "tests": [],
      "suites": [
        {
          "uuid": "2e0847ed-45a1-489f-9818-8a5eb280a6b9",
          "title": "Amazon Portal Testing",
          "fullFile": "",
          "file": "",
          "beforeHooks": [],
          "afterHooks": [],
          "tests": [
            {
              "title": "verify search in amazon",
              "fullTitle": "Amazon Portal Testing verify search in amazon",
              "timedOut": null,
              "duration": 15909,
              "state": "passed",
              "speed": "slow",
              "pass": true,
              "fail": false,
              "pending": false,
              "context": null,
              "code": "cy.visit('https://www.amazon.in');\ncy.get('div.nav-search-field').within(() => {\n  cy.get('input#twotabsearchtextbox').type('Apple Mac Book');\n});",
              "err": {},
              "uuid": "8c3762a7-dad6-4682-9d30-56002f4a3bf0",
              "parentUUID": "2e0847ed-45a1-489f-9818-8a5eb280a6b9",
              "isHook": false,
              "skipped": false
            }
          ],
          "suites": [],
          "passes": [
            "8c3762a7-dad6-4682-9d30-56002f4a3bf0"
          ],
          "failures": [],
          "pending": [],
          "skipped": [],
          "duration": 15909,
          "root": false,
          "rootEmpty": false,
          "_timeout": 2000
        }
      ],
      "passes": [],
      "failures": [],
      "pending": [],
      "skipped": [],
      "duration": 0,
      "root": true,
      "rootEmpty": true,
      "_timeout": 2000
    }
  ],
  "meta": {
    "mocha": {
      "version": "7.0.1"
    },
    "mochawesome": {
      "options": {
        "quiet": false,
        "reportFilename": "mochawesome",
        "saveHtml": false,
        "saveJson": true,
        "consoleReporter": "spec",
        "useInlineDiffs": false,
        "code": true
      },
      "version": "7.1.3"
    },
    "marge": {
      "options": {
        "charts": true,
        "overwrite": false,
        "html": false,
        "json": true,
        "reportDir": "cypress/report/mochawesome-report"
      },
      "version": "6.2.0"
    }
  }
}