{
  "stats": {
    "suites": 1,
    "tests": 1,
    "passes": 1,
    "pending": 0,
    "failures": 0,
    "start": "2022-09-08T09:44:59.634Z",
    "end": "2022-09-08T09:45:12.402Z",
    "duration": 12768,
    "testsRegistered": 1,
    "passPercent": 100,
    "pendingPercent": 0,
    "other": 0,
    "hasOther": false,
    "skipped": 0,
    "hasSkipped": false
  },
  "results": [
    {
      "uuid": "1859ab6d-06d1-4c5f-8d17-d87e715a7852",
      "title": "",
      "fullFile": "cypress\\e2e\\freshwork.cy.js",
      "file": "cypress\\e2e\\freshwork.cy.js",
      "beforeHooks": [],
      "afterHooks": [],
      "tests": [],
      "suites": [
        {
          "uuid": "991d70de-5bde-4080-a6ec-8787ee2da667",
          "title": "Freshworks portal",
          "fullFile": "",
          "file": "",
          "beforeHooks": [],
          "afterHooks": [],
          "tests": [
            {
              "title": "verify the footer links",
              "fullTitle": "Freshworks portal verify the footer links",
              "timedOut": null,
              "duration": 10492,
              "state": "passed",
              "speed": "slow",
              "pass": true,
              "fail": false,
              "pending": false,
              "context": null,
              "code": "cy.visit('https://www.freshworks.com');\ncy.get(\"ul.footer-nav>li\").should(\"have.length\", 24);",
              "err": {},
              "uuid": "83328e6d-0d0b-4186-b941-a09e21613ea1",
              "parentUUID": "991d70de-5bde-4080-a6ec-8787ee2da667",
              "isHook": false,
              "skipped": false
            }
          ],
          "suites": [],
          "passes": [
            "83328e6d-0d0b-4186-b941-a09e21613ea1"
          ],
          "failures": [],
          "pending": [],
          "skipped": [],
          "duration": 10492,
          "root": false,
          "rootEmpty": false,
          "_timeout": 2000
        }
      ],
      "passes": [],
      "failures": [],
      "pending": [],
      "skipped": [],
      "duration": 0,
      "root": true,
      "rootEmpty": true,
      "_timeout": 2000
    }
  ],
  "meta": {
    "mocha": {
      "version": "7.0.1"
    },
    "mochawesome": {
      "options": {
        "quiet": false,
        "reportFilename": "mochawesome",
        "saveHtml": false,
        "saveJson": true,
        "consoleReporter": "spec",
        "useInlineDiffs": false,
        "code": true
      },
      "version": "7.1.3"
    },
    "marge": {
      "options": {
        "charts": true,
        "overwrite": false,
        "html": false,
        "json": true,
        "reportDir": "cypress/report/mochawesome-report"
      },
      "version": "6.2.0"
    }
  }
}