{
  "stats": {
    "suites": 1,
    "tests": 1,
    "passes": 1,
    "pending": 0,
    "failures": 0,
    "start": "2022-09-06T19:22:31.989Z",
    "end": "2022-09-06T19:23:23.828Z",
    "duration": 51839,
    "testsRegistered": 1,
    "passPercent": 100,
    "pendingPercent": 0,
    "other": 0,
    "hasOther": false,
    "skipped": 0,
    "hasSkipped": false
  },
  "results": [
    {
      "uuid": "513baf6b-7e3f-49d7-8e70-e90d1437f455",
      "title": "",
      "fullFile": "cypress\\e2e\\freshwork.cy.js",
      "file": "cypress\\e2e\\freshwork.cy.js",
      "beforeHooks": [],
      "afterHooks": [],
      "tests": [],
      "suites": [
        {
          "uuid": "7290550e-a569-4d7b-b253-c3c61464dcc9",
          "title": "Freshworks portal",
          "fullFile": "",
          "file": "",
          "beforeHooks": [],
          "afterHooks": [],
          "tests": [
            {
              "title": "verify the footer links",
              "fullTitle": "Freshworks portal verify the footer links",
              "timedOut": null,
              "duration": 49144,
              "state": "passed",
              "speed": "slow",
              "pass": true,
              "fail": false,
              "pending": false,
              "context": null,
              "code": "cy.visit('https://www.freshworks.com');\ncy.get(\"ul.footer-nav>li\").should(\"have.length\", 24);",
              "err": {},
              "uuid": "5e58217b-a72c-4db9-ac61-64c5cb053fdf",
              "parentUUID": "7290550e-a569-4d7b-b253-c3c61464dcc9",
              "isHook": false,
              "skipped": false
            }
          ],
          "suites": [],
          "passes": [
            "5e58217b-a72c-4db9-ac61-64c5cb053fdf"
          ],
          "failures": [],
          "pending": [],
          "skipped": [],
          "duration": 49144,
          "root": false,
          "rootEmpty": false,
          "_timeout": 2000
        }
      ],
      "passes": [],
      "failures": [],
      "pending": [],
      "skipped": [],
      "duration": 0,
      "root": true,
      "rootEmpty": true,
      "_timeout": 2000
    }
  ],
  "meta": {
    "mocha": {
      "version": "7.0.1"
    },
    "mochawesome": {
      "options": {
        "quiet": false,
        "reportFilename": "mochawesome",
        "saveHtml": false,
        "saveJson": true,
        "consoleReporter": "spec",
        "useInlineDiffs": false,
        "code": true
      },
      "version": "7.1.3"
    },
    "marge": {
      "options": {
        "charts": true,
        "overwrite": false,
        "html": false,
        "json": true,
        "reportDir": "cypress/report/mochawesome-report"
      },
      "version": "6.2.0"
    }
  }
}