{
  "stats": {
    "suites": 1,
    "tests": 1,
    "passes": 1,
    "pending": 4,
    "failures": -4,
    "start": "2022-09-06T19:23:37.379Z",
    "end": "2022-09-06T19:24:03.528Z",
    "duration": 26149,
    "testsRegistered": 5,
    "passPercent": 100,
    "pendingPercent": 80,
    "other": 4,
    "hasOther": true,
    "skipped": 0,
    "hasSkipped": false
  },
  "results": [
    {
      "uuid": "d495ee61-e6fe-40bd-bf5e-22d33dc8cedd",
      "title": "",
      "fullFile": "cypress\\e2e\\orangeCRM.cy.js",
      "file": "cypress\\e2e\\orangeCRM.cy.js",
      "beforeHooks": [],
      "afterHooks": [],
      "tests": [],
      "suites": [
        {
          "uuid": "b51cedde-22e2-40de-a5dd-e89e22920e48",
          "title": "Orange HRM Test Cases",
          "fullFile": "",
          "file": "",
          "beforeHooks": [],
          "afterHooks": [],
          "tests": [
            {
              "title": "verify Lambda test ",
              "fullTitle": "Orange HRM Test Cases verify Lambda test ",
              "timedOut": null,
              "duration": 0,
              "state": "pending",
              "speed": null,
              "pass": false,
              "fail": false,
              "pending": true,
              "context": null,
              "code": "",
              "err": {},
              "uuid": "ea4ae628-30d7-4457-a7aa-f2f0e618aec3",
              "parentUUID": "b51cedde-22e2-40de-a5dd-e89e22920e48",
              "isHook": false,
              "skipped": false
            },
            {
              "title": "verify checkbox ",
              "fullTitle": "Orange HRM Test Cases verify checkbox ",
              "timedOut": null,
              "duration": 0,
              "state": "pending",
              "speed": null,
              "pass": false,
              "fail": false,
              "pending": true,
              "context": null,
              "code": "",
              "err": {},
              "uuid": "1624d54b-097b-4cfc-b439-8f8ee8a341c4",
              "parentUUID": "b51cedde-22e2-40de-a5dd-e89e22920e48",
              "isHook": false,
              "skipped": false
            },
            {
              "title": "verify file upload",
              "fullTitle": "Orange HRM Test Cases verify file upload",
              "timedOut": null,
              "duration": 0,
              "state": "pending",
              "speed": null,
              "pass": false,
              "fail": false,
              "pending": true,
              "context": null,
              "code": "",
              "err": {},
              "uuid": "8297b774-2acf-429f-b5da-653f17de0ace",
              "parentUUID": "b51cedde-22e2-40de-a5dd-e89e22920e48",
              "isHook": false,
              "skipped": false
            },
            {
              "title": "Verify multiple uploads",
              "fullTitle": "Orange HRM Test Cases Verify multiple uploads",
              "timedOut": null,
              "duration": 0,
              "state": "pending",
              "speed": null,
              "pass": false,
              "fail": false,
              "pending": true,
              "context": null,
              "code": "",
              "err": {},
              "uuid": "1d70c2cc-c546-4a3d-9208-27f2bfbac684",
              "parentUUID": "b51cedde-22e2-40de-a5dd-e89e22920e48",
              "isHook": false,
              "skipped": false
            },
            {
              "title": "verfiy searchbox",
              "fullTitle": "Orange HRM Test Cases verfiy searchbox",
              "timedOut": null,
              "duration": 19398,
              "state": "passed",
              "speed": "slow",
              "pass": true,
              "fail": false,
              "pending": false,
              "context": null,
              "code": "cy.visit('http://automationpractice.com/index.php'); //cy.get('input#search_query_top').type('dress')\ncy.xpath(`//input[@id='search_query_top']`).type('dress');\ncy.get('button.button-search').click(); //cy.get('span.lighter').contains()\ncy.contains('span.lighter', 'dress');",
              "err": {},
              "uuid": "b75c33d1-2f10-4916-b0d6-e845236e79fe",
              "parentUUID": "b51cedde-22e2-40de-a5dd-e89e22920e48",
              "isHook": false,
              "skipped": false
            }
          ],
          "suites": [],
          "passes": [
            "b75c33d1-2f10-4916-b0d6-e845236e79fe"
          ],
          "failures": [],
          "pending": [
            "ea4ae628-30d7-4457-a7aa-f2f0e618aec3",
            "1624d54b-097b-4cfc-b439-8f8ee8a341c4",
            "8297b774-2acf-429f-b5da-653f17de0ace",
            "1d70c2cc-c546-4a3d-9208-27f2bfbac684"
          ],
          "skipped": [],
          "duration": 19398,
          "root": false,
          "rootEmpty": false,
          "_timeout": 2000
        }
      ],
      "passes": [],
      "failures": [],
      "pending": [],
      "skipped": [],
      "duration": 0,
      "root": true,
      "rootEmpty": true,
      "_timeout": 2000
    }
  ],
  "meta": {
    "mocha": {
      "version": "7.0.1"
    },
    "mochawesome": {
      "options": {
        "quiet": false,
        "reportFilename": "mochawesome",
        "saveHtml": false,
        "saveJson": true,
        "consoleReporter": "spec",
        "useInlineDiffs": false,
        "code": true
      },
      "version": "7.1.3"
    },
    "marge": {
      "options": {
        "charts": true,
        "overwrite": false,
        "html": false,
        "json": true,
        "reportDir": "cypress/report/mochawesome-report"
      },
      "version": "6.2.0"
    }
  }
}