{
  "stats": {
    "suites": 1,
    "tests": 2,
    "passes": 2,
    "pending": 0,
    "failures": 0,
    "start": "2022-09-08T10:17:28.075Z",
    "end": "2022-09-08T10:17:48.728Z",
    "duration": 20653,
    "testsRegistered": 2,
    "passPercent": 100,
    "pendingPercent": 0,
    "other": 0,
    "hasOther": false,
    "skipped": 0,
    "hasSkipped": false
  },
  "results": [
    {
      "uuid": "4d73f245-ab25-455e-9dac-cc9ceb6de242",
      "title": "",
      "fullFile": "cypress\\e2e\\spicejet.cy.js",
      "file": "cypress\\e2e\\spicejet.cy.js",
      "beforeHooks": [],
      "afterHooks": [],
      "tests": [],
      "suites": [
        {
          "uuid": "bbfd6d50-e4ea-4051-b7df-fe75ea622d14",
          "title": "Spicejet post testing",
          "fullFile": "",
          "file": "",
          "beforeHooks": [],
          "afterHooks": [],
          "tests": [
            {
              "title": "verify home page",
              "fullTitle": "Spicejet post testing verify home page",
              "timedOut": null,
              "duration": 11352,
              "state": "passed",
              "speed": "slow",
              "pass": true,
              "fail": false,
              "pending": false,
              "context": null,
              "code": "cy.visit('https://www.spicejet.com', {\n  failOnStatusCode: false\n});\ncy.get('[data-testid=\"search-destination-code\"]').click();\ncy.get('[data-testid=\"auto-cmp-txt\"]').type('BLR').pause();\ncy.get('[data-testid=\"auto-cmp-row-title-0\"]').click();\ncy.get('.r-5njf8e > .r-1loqt21 > .css-76zvg2').should('contain', 'Login').and('have.length', 1);",
              "err": {},
              "uuid": "5aa7655b-e144-493f-b608-7ec31e8b0967",
              "parentUUID": "bbfd6d50-e4ea-4051-b7df-fe75ea622d14",
              "isHook": false,
              "skipped": false
            },
            {
              "title": "verify spicejet portal details",
              "fullTitle": "Spicejet post testing verify spicejet portal details",
              "timedOut": null,
              "duration": 5106,
              "state": "passed",
              "speed": "medium",
              "pass": true,
              "fail": false,
              "pending": false,
              "context": null,
              "code": "cy.visit('https://www.spicejet.com');\ncy.SpicejetTitle('SpiceJet - Flight Booking for Domestic and International, Cheap Air Tickets');",
              "err": {},
              "uuid": "312f60a4-50f8-4079-a6f5-faed19cf8ab4",
              "parentUUID": "bbfd6d50-e4ea-4051-b7df-fe75ea622d14",
              "isHook": false,
              "skipped": false
            }
          ],
          "suites": [],
          "passes": [
            "5aa7655b-e144-493f-b608-7ec31e8b0967",
            "312f60a4-50f8-4079-a6f5-faed19cf8ab4"
          ],
          "failures": [],
          "pending": [],
          "skipped": [],
          "duration": 16458,
          "root": false,
          "rootEmpty": false,
          "_timeout": 2000
        }
      ],
      "passes": [],
      "failures": [],
      "pending": [],
      "skipped": [],
      "duration": 0,
      "root": true,
      "rootEmpty": true,
      "_timeout": 2000
    }
  ],
  "meta": {
    "mocha": {
      "version": "7.0.1"
    },
    "mochawesome": {
      "options": {
        "quiet": false,
        "reportFilename": "mochawesome",
        "saveHtml": false,
        "saveJson": true,
        "consoleReporter": "spec",
        "useInlineDiffs": false,
        "code": true
      },
      "version": "7.1.3"
    },
    "marge": {
      "options": {
        "charts": true,
        "overwrite": false,
        "html": false,
        "json": true,
        "reportDir": "cypress/report/mochawesome-report"
      },
      "version": "6.2.0"
    }
  }
}