{
  "stats": {
    "suites": 1,
    "tests": 1,
    "passes": 0,
    "pending": 4,
    "failures": -3,
    "start": "2022-09-08T09:45:42.336Z",
    "end": "2022-09-08T09:45:43.488Z",
    "duration": 1152,
    "testsRegistered": 5,
    "passPercent": 0,
    "pendingPercent": 80,
    "other": 4,
    "hasOther": true,
    "skipped": 0,
    "hasSkipped": false
  },
  "results": [
    {
      "uuid": "5af0c01f-d58c-4827-87a5-6eca75c3c3d3",
      "title": "",
      "fullFile": "cypress\\e2e\\orangeCRM.cy.js",
      "file": "cypress\\e2e\\orangeCRM.cy.js",
      "beforeHooks": [],
      "afterHooks": [],
      "tests": [],
      "suites": [
        {
          "uuid": "1dedc62d-72ac-4b17-9940-e72ca873981a",
          "title": "Orange HRM Test Cases",
          "fullFile": "",
          "file": "",
          "beforeHooks": [],
          "afterHooks": [],
          "tests": [
            {
              "title": "verify Lambda test ",
              "fullTitle": "Orange HRM Test Cases verify Lambda test ",
              "timedOut": null,
              "duration": 0,
              "state": "pending",
              "speed": null,
              "pass": false,
              "fail": false,
              "pending": true,
              "context": null,
              "code": "",
              "err": {},
              "uuid": "d5096a1e-8bfc-4fb5-a2cc-d562ca443d4e",
              "parentUUID": "1dedc62d-72ac-4b17-9940-e72ca873981a",
              "isHook": false,
              "skipped": false
            },
            {
              "title": "verify checkbox ",
              "fullTitle": "Orange HRM Test Cases verify checkbox ",
              "timedOut": null,
              "duration": 0,
              "state": "pending",
              "speed": null,
              "pass": false,
              "fail": false,
              "pending": true,
              "context": null,
              "code": "",
              "err": {},
              "uuid": "77bf8a60-f34f-462e-a023-df9b831f01fa",
              "parentUUID": "1dedc62d-72ac-4b17-9940-e72ca873981a",
              "isHook": false,
              "skipped": false
            },
            {
              "title": "verify file upload",
              "fullTitle": "Orange HRM Test Cases verify file upload",
              "timedOut": null,
              "duration": 0,
              "state": "pending",
              "speed": null,
              "pass": false,
              "fail": false,
              "pending": true,
              "context": null,
              "code": "",
              "err": {},
              "uuid": "ac5c5e0b-a08e-46b8-8f3d-81c1df948fbf",
              "parentUUID": "1dedc62d-72ac-4b17-9940-e72ca873981a",
              "isHook": false,
              "skipped": false
            },
            {
              "title": "Verify multiple uploads",
              "fullTitle": "Orange HRM Test Cases Verify multiple uploads",
              "timedOut": null,
              "duration": 0,
              "state": "pending",
              "speed": null,
              "pass": false,
              "fail": false,
              "pending": true,
              "context": null,
              "code": "",
              "err": {},
              "uuid": "32c79760-9faa-4831-ba14-ca69e18690bc",
              "parentUUID": "1dedc62d-72ac-4b17-9940-e72ca873981a",
              "isHook": false,
              "skipped": false
            },
            {
              "title": "verfiy searchbox",
              "fullTitle": "Orange HRM Test Cases verfiy searchbox",
              "timedOut": null,
              "duration": 1053,
              "state": "failed",
              "speed": null,
              "pass": false,
              "fail": true,
              "pending": false,
              "context": null,
              "code": "cy.visit('http://automationpractice.com/index.php'); //cy.get('input#search_query_top').type('dress')\ncy.xpath(`//input[@id='search_query_top']`).type('dress');\ncy.get('button.button-search').click(); //cy.get('span.lighter').contains()\ncy.contains('span.lighter', 'dress');",
              "err": {
                "message": "CypressError: `cy.visit()` failed trying to load:\n\nhttp://automationpractice.com/index.php\n\nThe response we received from your web server was:\n\n  > 508: Loop Detected\n\nThis was considered a failure because the status code was not `2xx`.\n\nIf you do not want status codes to cause failures pass the option: `failOnStatusCode: false`",
                "estack": "CypressError: `cy.visit()` failed trying to load:\n\nhttp://automationpractice.com/index.php\n\nThe response we received from your web server was:\n\n  > 508: Loop Detected\n\nThis was considered a failure because the status code was not `2xx`.\n\nIf you do not want status codes to cause failures pass the option: `failOnStatusCode: false`\n    at http://localhost:55824/__cypress/runner/cypress_runner.js:152342:84\n    at visitFailedByErr (http://localhost:55824/__cypress/runner/cypress_runner.js:151661:12)\n    at http://localhost:55824/__cypress/runner/cypress_runner.js:152322:13\n    at tryCatcher (http://localhost:55824/__cypress/runner/cypress_runner.js:11318:23)\n    at Promise._settlePromiseFromHandler (http://localhost:55824/__cypress/runner/cypress_runner.js:9253:31)\n    at Promise._settlePromise (http://localhost:55824/__cypress/runner/cypress_runner.js:9310:18)\n    at Promise._settlePromise0 (http://localhost:55824/__cypress/runner/cypress_runner.js:9355:10)\n    at Promise._settlePromises (http://localhost:55824/__cypress/runner/cypress_runner.js:9431:18)\n    at _drainQueueStep (http://localhost:55824/__cypress/runner/cypress_runner.js:6025:12)\n    at _drainQueue (http://localhost:55824/__cypress/runner/cypress_runner.js:6018:9)\n    at ../../node_modules/bluebird/js/release/async.js.Async._drainQueues (http://localhost:55824/__cypress/runner/cypress_runner.js:6034:5)\n    at Async.drainQueues (http://localhost:55824/__cypress/runner/cypress_runner.js:5904:14)\nFrom Your Spec Code:\n    at Context.eval (http://localhost:55824/__cypress/tests?p=cypress\\e2e\\orangeCRM.cy.js:153:8)",
                "diff": null
              },
              "uuid": "df6c8e05-344e-4892-af41-c4b348f82124",
              "parentUUID": "1dedc62d-72ac-4b17-9940-e72ca873981a",
              "isHook": false,
              "skipped": false
            }
          ],
          "suites": [],
          "passes": [],
          "failures": [
            "df6c8e05-344e-4892-af41-c4b348f82124"
          ],
          "pending": [
            "d5096a1e-8bfc-4fb5-a2cc-d562ca443d4e",
            "77bf8a60-f34f-462e-a023-df9b831f01fa",
            "ac5c5e0b-a08e-46b8-8f3d-81c1df948fbf",
            "32c79760-9faa-4831-ba14-ca69e18690bc"
          ],
          "skipped": [],
          "duration": 1053,
          "root": false,
          "rootEmpty": false,
          "_timeout": 2000
        }
      ],
      "passes": [],
      "failures": [],
      "pending": [],
      "skipped": [],
      "duration": 0,
      "root": true,
      "rootEmpty": true,
      "_timeout": 2000
    }
  ],
  "meta": {
    "mocha": {
      "version": "7.0.1"
    },
    "mochawesome": {
      "options": {
        "quiet": false,
        "reportFilename": "mochawesome",
        "saveHtml": false,
        "saveJson": true,
        "consoleReporter": "spec",
        "useInlineDiffs": false,
        "code": true
      },
      "version": "7.1.3"
    },
    "marge": {
      "options": {
        "charts": true,
        "overwrite": false,
        "html": false,
        "json": true,
        "reportDir": "cypress/report/mochawesome-report"
      },
      "version": "6.2.0"
    }
  }
}