{
  "stats": {
    "suites": 1,
    "tests": 3,
    "passes": 3,
    "pending": 0,
    "failures": 0,
    "start": "2022-09-08T09:46:27.654Z",
    "end": "2022-09-08T09:46:37.824Z",
    "duration": 10170,
    "testsRegistered": 3,
    "passPercent": 100,
    "pendingPercent": 0,
    "other": 0,
    "hasOther": false,
    "skipped": 0,
    "hasSkipped": false
  },
  "results": [
    {
      "uuid": "1afea026-46e5-4b31-bc08-c7e27ff32388",
      "title": "",
      "fullFile": "cypress\\e2e\\viewporttest.cy.js",
      "file": "cypress\\e2e\\viewporttest.cy.js",
      "beforeHooks": [],
      "afterHooks": [],
      "tests": [],
      "suites": [
        {
          "uuid": "c533c024-8ef8-462d-b665-a5a36f98e98e",
          "title": "different resolutions",
          "fullFile": "",
          "file": "",
          "beforeHooks": [],
          "afterHooks": [],
          "tests": [
            {
              "title": "open in machbook-13",
              "fullTitle": "different resolutions open in machbook-13",
              "timedOut": null,
              "duration": 3305,
              "state": "passed",
              "speed": "fast",
              "pass": true,
              "fail": false,
              "pending": false,
              "context": null,
              "code": "cy.viewport('macbook-13');\ncy.screenshot();\ncy.wait(200);",
              "err": {},
              "uuid": "f2b037f6-9b58-4829-a2f6-19b961545487",
              "parentUUID": "c533c024-8ef8-462d-b665-a5a36f98e98e",
              "isHook": false,
              "skipped": false
            },
            {
              "title": "open in samsung-note9",
              "fullTitle": "different resolutions open in samsung-note9",
              "timedOut": null,
              "duration": 2411,
              "state": "passed",
              "speed": "fast",
              "pass": true,
              "fail": false,
              "pending": false,
              "context": null,
              "code": "cy.viewport('samsung-note9');\ncy.screenshot();\ncy.wait(200);",
              "err": {},
              "uuid": "0ce3db92-715b-40b0-8d8f-83d1a89373d7",
              "parentUUID": "c533c024-8ef8-462d-b665-a5a36f98e98e",
              "isHook": false,
              "skipped": false
            },
            {
              "title": "open in 550 and 750",
              "fullTitle": "different resolutions open in 550 and 750",
              "timedOut": null,
              "duration": 2132,
              "state": "passed",
              "speed": "fast",
              "pass": true,
              "fail": false,
              "pending": false,
              "context": null,
              "code": "cy.viewport(550, 750);\ncy.screenshot();\ncy.wait(200);",
              "err": {},
              "uuid": "393ea572-9c4f-4b64-8f07-4872236e0893",
              "parentUUID": "c533c024-8ef8-462d-b665-a5a36f98e98e",
              "isHook": false,
              "skipped": false
            }
          ],
          "suites": [],
          "passes": [
            "f2b037f6-9b58-4829-a2f6-19b961545487",
            "0ce3db92-715b-40b0-8d8f-83d1a89373d7",
            "393ea572-9c4f-4b64-8f07-4872236e0893"
          ],
          "failures": [],
          "pending": [],
          "skipped": [],
          "duration": 7848,
          "root": false,
          "rootEmpty": false,
          "_timeout": 2000
        }
      ],
      "passes": [],
      "failures": [],
      "pending": [],
      "skipped": [],
      "duration": 0,
      "root": true,
      "rootEmpty": true,
      "_timeout": 2000
    }
  ],
  "meta": {
    "mocha": {
      "version": "7.0.1"
    },
    "mochawesome": {
      "options": {
        "quiet": false,
        "reportFilename": "mochawesome",
        "saveHtml": false,
        "saveJson": true,
        "consoleReporter": "spec",
        "useInlineDiffs": false,
        "code": true
      },
      "version": "7.1.3"
    },
    "marge": {
      "options": {
        "charts": true,
        "overwrite": false,
        "html": false,
        "json": true,
        "reportDir": "cypress/report/mochawesome-report"
      },
      "version": "6.2.0"
    }
  }
}