{
  "stats": {
    "suites": 1,
    "tests": 1,
    "passes": 1,
    "pending": 1,
    "failures": -1,
    "start": "2022-09-06T19:24:24.667Z",
    "end": "2022-09-06T19:24:33.018Z",
    "duration": 8351,
    "testsRegistered": 2,
    "passPercent": 100,
    "pendingPercent": 50,
    "other": 1,
    "hasOther": true,
    "skipped": 0,
    "hasSkipped": false
  },
  "results": [
    {
      "uuid": "fe8eb208-10f6-4e33-91c2-accff4f5b71b",
      "title": "",
      "fullFile": "cypress\\e2e\\spicejet.cy.js",
      "file": "cypress\\e2e\\spicejet.cy.js",
      "beforeHooks": [],
      "afterHooks": [],
      "tests": [],
      "suites": [
        {
          "uuid": "e6b6247e-489e-48a3-b885-ccb0764d2f91",
          "title": "Spicejet post testing",
          "fullFile": "",
          "file": "",
          "beforeHooks": [],
          "afterHooks": [],
          "tests": [
            {
              "title": "verify home page",
              "fullTitle": "Spicejet post testing verify home page",
              "timedOut": null,
              "duration": 0,
              "state": "pending",
              "speed": null,
              "pass": false,
              "fail": false,
              "pending": true,
              "context": null,
              "code": "",
              "err": {},
              "uuid": "da4f702a-c198-4557-86c0-1a909a9d2a22",
              "parentUUID": "e6b6247e-489e-48a3-b885-ccb0764d2f91",
              "isHook": false,
              "skipped": false
            },
            {
              "title": "verify spicejet portal details",
              "fullTitle": "Spicejet post testing verify spicejet portal details",
              "timedOut": null,
              "duration": 5772,
              "state": "passed",
              "speed": "medium",
              "pass": true,
              "fail": false,
              "pending": false,
              "context": null,
              "code": "cy.visit('https://www.spicejet.com');\ncy.SpicejetTitle('SpiceJet - Flight Booking for Domestic and International, Cheap Air Tickets');",
              "err": {},
              "uuid": "b40cef92-8cc8-4c07-83cc-d9347e3e6a47",
              "parentUUID": "e6b6247e-489e-48a3-b885-ccb0764d2f91",
              "isHook": false,
              "skipped": false
            }
          ],
          "suites": [],
          "passes": [
            "b40cef92-8cc8-4c07-83cc-d9347e3e6a47"
          ],
          "failures": [],
          "pending": [
            "da4f702a-c198-4557-86c0-1a909a9d2a22"
          ],
          "skipped": [],
          "duration": 5772,
          "root": false,
          "rootEmpty": false,
          "_timeout": 2000
        }
      ],
      "passes": [],
      "failures": [],
      "pending": [],
      "skipped": [],
      "duration": 0,
      "root": true,
      "rootEmpty": true,
      "_timeout": 2000
    }
  ],
  "meta": {
    "mocha": {
      "version": "7.0.1"
    },
    "mochawesome": {
      "options": {
        "quiet": false,
        "reportFilename": "mochawesome",
        "saveHtml": false,
        "saveJson": true,
        "consoleReporter": "spec",
        "useInlineDiffs": false,
        "code": true
      },
      "version": "7.1.3"
    },
    "marge": {
      "options": {
        "charts": true,
        "overwrite": false,
        "html": false,
        "json": true,
        "reportDir": "cypress/report/mochawesome-report"
      },
      "version": "6.2.0"
    }
  }
}