{
  "stats": {
    "suites": 1,
    "tests": 1,
    "passes": 0,
    "pending": 0,
    "failures": 1,
    "start": "2022-09-08T10:15:52.365Z",
    "end": "2022-09-08T10:15:52.857Z",
    "duration": 492,
    "testsRegistered": 1,
    "passPercent": 0,
    "pendingPercent": 0,
    "other": 0,
    "hasOther": false,
    "skipped": 0,
    "hasSkipped": false
  },
  "results": [
    {
      "uuid": "e2230170-e5ac-4845-a558-0530d5895179",
      "title": "",
      "fullFile": "cypress\\e2e\\Firsttest.cy.js",
      "file": "cypress\\e2e\\Firsttest.cy.js",
      "beforeHooks": [],
      "afterHooks": [],
      "tests": [],
      "suites": [
        {
          "uuid": "d1071fa8-3188-4497-b39e-4593a02c6509",
          "title": "Freshworks portal automation",
          "fullFile": "",
          "file": "",
          "beforeHooks": [],
          "afterHooks": [],
          "tests": [
            {
              "title": "First Test, Verify url for platform link",
              "fullTitle": "Freshworks portal automation First Test, Verify url for platform link",
              "timedOut": null,
              "duration": 418,
              "state": "failed",
              "speed": null,
              "pass": false,
              "fail": true,
              "pending": false,
              "context": null,
              "code": "cy.visit('https://www.freshworks.com');\ncy.contains('Platform');\ncy.contains('Platform').click();\ncy.url().should('include', '/platform');",
              "err": {
                "message": "CypressError: `cy.visit()` failed trying to load:\n\nhttps://www.freshworks.com/\n\nThe response we received from your web server was:\n\n  > 403: Forbidden\n\nThis was considered a failure because the status code was not `2xx`.\n\nIf you do not want status codes to cause failures pass the option: `failOnStatusCode: false`",
                "estack": "CypressError: `cy.visit()` failed trying to load:\n\nhttps://www.freshworks.com/\n\nThe response we received from your web server was:\n\n  > 403: Forbidden\n\nThis was considered a failure because the status code was not `2xx`.\n\nIf you do not want status codes to cause failures pass the option: `failOnStatusCode: false`\n    at http://localhost:59505/__cypress/runner/cypress_runner.js:152342:84\n    at visitFailedByErr (http://localhost:59505/__cypress/runner/cypress_runner.js:151661:12)\n    at http://localhost:59505/__cypress/runner/cypress_runner.js:152322:13\n    at tryCatcher (http://localhost:59505/__cypress/runner/cypress_runner.js:11318:23)\n    at Promise._settlePromiseFromHandler (http://localhost:59505/__cypress/runner/cypress_runner.js:9253:31)\n    at Promise._settlePromise (http://localhost:59505/__cypress/runner/cypress_runner.js:9310:18)\n    at Promise._settlePromise0 (http://localhost:59505/__cypress/runner/cypress_runner.js:9355:10)\n    at Promise._settlePromises (http://localhost:59505/__cypress/runner/cypress_runner.js:9431:18)\n    at _drainQueueStep (http://localhost:59505/__cypress/runner/cypress_runner.js:6025:12)\n    at _drainQueue (http://localhost:59505/__cypress/runner/cypress_runner.js:6018:9)\n    at ../../node_modules/bluebird/js/release/async.js.Async._drainQueues (http://localhost:59505/__cypress/runner/cypress_runner.js:6034:5)\n    at Async.drainQueues (http://localhost:59505/__cypress/runner/cypress_runner.js:5904:14)\nFrom Your Spec Code:\n    at Context.eval (http://localhost:59505/__cypress/tests?p=cypress\\e2e\\Firsttest.cy.js:101:8)",
                "diff": null
              },
              "uuid": "d4014be9-7ca8-4c58-8ee3-457e6988b3df",
              "parentUUID": "d1071fa8-3188-4497-b39e-4593a02c6509",
              "isHook": false,
              "skipped": false
            }
          ],
          "suites": [],
          "passes": [],
          "failures": [
            "d4014be9-7ca8-4c58-8ee3-457e6988b3df"
          ],
          "pending": [],
          "skipped": [],
          "duration": 418,
          "root": false,
          "rootEmpty": false,
          "_timeout": 2000
        }
      ],
      "passes": [],
      "failures": [],
      "pending": [],
      "skipped": [],
      "duration": 0,
      "root": true,
      "rootEmpty": true,
      "_timeout": 2000
    }
  ],
  "meta": {
    "mocha": {
      "version": "7.0.1"
    },
    "mochawesome": {
      "options": {
        "quiet": false,
        "reportFilename": "mochawesome",
        "saveHtml": false,
        "saveJson": true,
        "consoleReporter": "spec",
        "useInlineDiffs": false,
        "code": true
      },
      "version": "7.1.3"
    },
    "marge": {
      "options": {
        "charts": true,
        "overwrite": false,
        "html": false,
        "json": true,
        "reportDir": "cypress/report/mochawesome-report"
      },
      "version": "6.2.0"
    }
  }
}