{
  "stats": {
    "suites": 1,
    "tests": 1,
    "passes": 1,
    "pending": 0,
    "failures": 0,
    "start": "2022-09-06T19:20:03.864Z",
    "end": "2022-09-06T19:20:35.558Z",
    "duration": 31694,
    "testsRegistered": 1,
    "passPercent": 100,
    "pendingPercent": 0,
    "other": 0,
    "hasOther": false,
    "skipped": 0,
    "hasSkipped": false
  },
  "results": [
    {
      "uuid": "ccc161e9-50da-4095-9214-74380c1b2fa4",
      "title": "",
      "fullFile": "cypress\\e2e\\amazon.cy.js",
      "file": "cypress\\e2e\\amazon.cy.js",
      "beforeHooks": [],
      "afterHooks": [],
      "tests": [],
      "suites": [
        {
          "uuid": "f283cfb3-5358-4c5e-b585-155a8c527fba",
          "title": "Amazon Portal Testing",
          "fullFile": "",
          "file": "",
          "beforeHooks": [],
          "afterHooks": [],
          "tests": [
            {
              "title": "verify search in amazon",
              "fullTitle": "Amazon Portal Testing verify search in amazon",
              "timedOut": null,
              "duration": 27635,
              "state": "passed",
              "speed": "slow",
              "pass": true,
              "fail": false,
              "pending": false,
              "context": null,
              "code": "cy.visit('https://www.amazon.in');\ncy.get('div.nav-search-field').within(() => {\n  cy.get('input#twotabsearchtextbox').type('Apple Mac Book');\n});",
              "err": {},
              "uuid": "02a4b0a9-228a-4e7b-ac36-4f69eb92fc1d",
              "parentUUID": "f283cfb3-5358-4c5e-b585-155a8c527fba",
              "isHook": false,
              "skipped": false
            }
          ],
          "suites": [],
          "passes": [
            "02a4b0a9-228a-4e7b-ac36-4f69eb92fc1d"
          ],
          "failures": [],
          "pending": [],
          "skipped": [],
          "duration": 27635,
          "root": false,
          "rootEmpty": false,
          "_timeout": 2000
        }
      ],
      "passes": [],
      "failures": [],
      "pending": [],
      "skipped": [],
      "duration": 0,
      "root": true,
      "rootEmpty": true,
      "_timeout": 2000
    }
  ],
  "meta": {
    "mocha": {
      "version": "7.0.1"
    },
    "mochawesome": {
      "options": {
        "quiet": false,
        "reportFilename": "mochawesome",
        "saveHtml": false,
        "saveJson": true,
        "consoleReporter": "spec",
        "useInlineDiffs": false,
        "code": true
      },
      "version": "7.1.3"
    },
    "marge": {
      "options": {
        "charts": true,
        "overwrite": false,
        "html": false,
        "json": true,
        "reportDir": "cypress/report/mochawesome-report"
      },
      "version": "6.2.0"
    }
  }
}