{
  "stats": {
    "suites": 1,
    "tests": 3,
    "passes": 3,
    "pending": 0,
    "failures": 0,
    "start": "2022-09-06T19:24:40.563Z",
    "end": "2022-09-06T19:24:50.720Z",
    "duration": 10157,
    "testsRegistered": 3,
    "passPercent": 100,
    "pendingPercent": 0,
    "other": 0,
    "hasOther": false,
    "skipped": 0,
    "hasSkipped": false
  },
  "results": [
    {
      "uuid": "a689236f-02c4-4f40-8371-59b291007dda",
      "title": "",
      "fullFile": "cypress\\e2e\\viewporttest.cy.js",
      "file": "cypress\\e2e\\viewporttest.cy.js",
      "beforeHooks": [],
      "afterHooks": [],
      "tests": [],
      "suites": [
        {
          "uuid": "1deadfa0-6f59-4a1d-9933-e5f19e326629",
          "title": "different resolutions",
          "fullFile": "",
          "file": "",
          "beforeHooks": [],
          "afterHooks": [],
          "tests": [
            {
              "title": "open in machbook-13",
              "fullTitle": "different resolutions open in machbook-13",
              "timedOut": null,
              "duration": 3143,
              "state": "passed",
              "speed": "fast",
              "pass": true,
              "fail": false,
              "pending": false,
              "context": null,
              "code": "cy.viewport('macbook-13');\ncy.screenshot();\ncy.wait(200);",
              "err": {},
              "uuid": "c1416e34-8d38-45e1-a6e4-5e51bd8f2a56",
              "parentUUID": "1deadfa0-6f59-4a1d-9933-e5f19e326629",
              "isHook": false,
              "skipped": false
            },
            {
              "title": "open in samsung-note9",
              "fullTitle": "different resolutions open in samsung-note9",
              "timedOut": null,
              "duration": 1849,
              "state": "passed",
              "speed": "fast",
              "pass": true,
              "fail": false,
              "pending": false,
              "context": null,
              "code": "cy.viewport('samsung-note9');\ncy.screenshot();\ncy.wait(200);",
              "err": {},
              "uuid": "9c5c1585-525d-4119-b226-310eeda37b72",
              "parentUUID": "1deadfa0-6f59-4a1d-9933-e5f19e326629",
              "isHook": false,
              "skipped": false
            },
            {
              "title": "open in 550 and 750",
              "fullTitle": "different resolutions open in 550 and 750",
              "timedOut": null,
              "duration": 2574,
              "state": "passed",
              "speed": "fast",
              "pass": true,
              "fail": false,
              "pending": false,
              "context": null,
              "code": "cy.viewport(550, 750);\ncy.screenshot();\ncy.wait(200);",
              "err": {},
              "uuid": "5f5396e9-4d2c-4bf1-99f3-450d6929315e",
              "parentUUID": "1deadfa0-6f59-4a1d-9933-e5f19e326629",
              "isHook": false,
              "skipped": false
            }
          ],
          "suites": [],
          "passes": [
            "c1416e34-8d38-45e1-a6e4-5e51bd8f2a56",
            "9c5c1585-525d-4119-b226-310eeda37b72",
            "5f5396e9-4d2c-4bf1-99f3-450d6929315e"
          ],
          "failures": [],
          "pending": [],
          "skipped": [],
          "duration": 7566,
          "root": false,
          "rootEmpty": false,
          "_timeout": 2000
        }
      ],
      "passes": [],
      "failures": [],
      "pending": [],
      "skipped": [],
      "duration": 0,
      "root": true,
      "rootEmpty": true,
      "_timeout": 2000
    }
  ],
  "meta": {
    "mocha": {
      "version": "7.0.1"
    },
    "mochawesome": {
      "options": {
        "quiet": false,
        "reportFilename": "mochawesome",
        "saveHtml": false,
        "saveJson": true,
        "consoleReporter": "spec",
        "useInlineDiffs": false,
        "code": true
      },
      "version": "7.1.3"
    },
    "marge": {
      "options": {
        "charts": true,
        "overwrite": false,
        "html": false,
        "json": true,
        "reportDir": "cypress/report/mochawesome-report"
      },
      "version": "6.2.0"
    }
  }
}