{
  "stats": {
    "suites": 1,
    "tests": 1,
    "passes": 1,
    "pending": 4,
    "failures": -4,
    "start": "2022-09-08T10:16:27.473Z",
    "end": "2022-09-08T10:17:00.532Z",
    "duration": 33059,
    "testsRegistered": 5,
    "passPercent": 100,
    "pendingPercent": 80,
    "other": 4,
    "hasOther": true,
    "skipped": 0,
    "hasSkipped": false
  },
  "results": [
    {
      "uuid": "f794ccf1-f03d-4cc0-a233-afe1f30ac473",
      "title": "",
      "fullFile": "cypress\\e2e\\orangeCRM.cy.js",
      "file": "cypress\\e2e\\orangeCRM.cy.js",
      "beforeHooks": [],
      "afterHooks": [],
      "tests": [],
      "suites": [
        {
          "uuid": "63da9c83-a236-4eaa-a2d7-dde9a4a5a8c8",
          "title": "Orange HRM Test Cases",
          "fullFile": "",
          "file": "",
          "beforeHooks": [],
          "afterHooks": [],
          "tests": [
            {
              "title": "verify Lambda test ",
              "fullTitle": "Orange HRM Test Cases verify Lambda test ",
              "timedOut": null,
              "duration": 0,
              "state": "pending",
              "speed": null,
              "pass": false,
              "fail": false,
              "pending": true,
              "context": null,
              "code": "",
              "err": {},
              "uuid": "51534e00-4a97-4583-858c-a2badb4c4184",
              "parentUUID": "63da9c83-a236-4eaa-a2d7-dde9a4a5a8c8",
              "isHook": false,
              "skipped": false
            },
            {
              "title": "verify checkbox ",
              "fullTitle": "Orange HRM Test Cases verify checkbox ",
              "timedOut": null,
              "duration": 0,
              "state": "pending",
              "speed": null,
              "pass": false,
              "fail": false,
              "pending": true,
              "context": null,
              "code": "",
              "err": {},
              "uuid": "5c5410ce-7f5d-4073-9738-c906dee086ba",
              "parentUUID": "63da9c83-a236-4eaa-a2d7-dde9a4a5a8c8",
              "isHook": false,
              "skipped": false
            },
            {
              "title": "verify file upload",
              "fullTitle": "Orange HRM Test Cases verify file upload",
              "timedOut": null,
              "duration": 0,
              "state": "pending",
              "speed": null,
              "pass": false,
              "fail": false,
              "pending": true,
              "context": null,
              "code": "",
              "err": {},
              "uuid": "10f77766-14ed-4e81-b2be-63b36389916f",
              "parentUUID": "63da9c83-a236-4eaa-a2d7-dde9a4a5a8c8",
              "isHook": false,
              "skipped": false
            },
            {
              "title": "Verify multiple uploads",
              "fullTitle": "Orange HRM Test Cases Verify multiple uploads",
              "timedOut": null,
              "duration": 0,
              "state": "pending",
              "speed": null,
              "pass": false,
              "fail": false,
              "pending": true,
              "context": null,
              "code": "",
              "err": {},
              "uuid": "caffe902-ecd0-4173-a620-d0166fd29428",
              "parentUUID": "63da9c83-a236-4eaa-a2d7-dde9a4a5a8c8",
              "isHook": false,
              "skipped": false
            },
            {
              "title": "verfiy searchbox",
              "fullTitle": "Orange HRM Test Cases verfiy searchbox",
              "timedOut": null,
              "duration": 19562,
              "state": "passed",
              "speed": "slow",
              "pass": true,
              "fail": false,
              "pending": false,
              "context": null,
              "code": "cy.visit('http://automationpractice.com/index.php'); //cy.get('input#search_query_top').type('dress')\ncy.xpath(`//input[@id='search_query_top']`).type('dress');\ncy.get('button.button-search').click(); //cy.get('span.lighter').contains()\ncy.contains('span.lighter', 'dress');",
              "err": {},
              "uuid": "b2ef8d24-6b55-41ab-8c81-57122daa688f",
              "parentUUID": "63da9c83-a236-4eaa-a2d7-dde9a4a5a8c8",
              "isHook": false,
              "skipped": false
            }
          ],
          "suites": [],
          "passes": [
            "b2ef8d24-6b55-41ab-8c81-57122daa688f"
          ],
          "failures": [],
          "pending": [
            "51534e00-4a97-4583-858c-a2badb4c4184",
            "5c5410ce-7f5d-4073-9738-c906dee086ba",
            "10f77766-14ed-4e81-b2be-63b36389916f",
            "caffe902-ecd0-4173-a620-d0166fd29428"
          ],
          "skipped": [],
          "duration": 19562,
          "root": false,
          "rootEmpty": false,
          "_timeout": 2000
        }
      ],
      "passes": [],
      "failures": [],
      "pending": [],
      "skipped": [],
      "duration": 0,
      "root": true,
      "rootEmpty": true,
      "_timeout": 2000
    }
  ],
  "meta": {
    "mocha": {
      "version": "7.0.1"
    },
    "mochawesome": {
      "options": {
        "quiet": false,
        "reportFilename": "mochawesome",
        "saveHtml": false,
        "saveJson": true,
        "consoleReporter": "spec",
        "useInlineDiffs": false,
        "code": true
      },
      "version": "7.1.3"
    },
    "marge": {
      "options": {
        "charts": true,
        "overwrite": false,
        "html": false,
        "json": true,
        "reportDir": "cypress/report/mochawesome-report"
      },
      "version": "6.2.0"
    }
  }
}