{
  "stats": {
    "suites": 1,
    "tests": 1,
    "passes": 1,
    "pending": 1,
    "failures": -1,
    "start": "2022-09-06T18:39:17.002Z",
    "end": "2022-09-06T18:39:25.742Z",
    "duration": 8740,
    "testsRegistered": 2,
    "passPercent": 100,
    "pendingPercent": 50,
    "other": 1,
    "hasOther": true,
    "skipped": 0,
    "hasSkipped": false
  },
  "results": [
    {
      "uuid": "6b8d7136-11ca-4058-b589-8e5cd48dfcd7",
      "title": "",
      "fullFile": "cypress\\e2e\\spicejet.cy.js",
      "file": "cypress\\e2e\\spicejet.cy.js",
      "beforeHooks": [],
      "afterHooks": [],
      "tests": [],
      "suites": [
        {
          "uuid": "169c5794-5f23-46e9-9db2-2e30bf13dd28",
          "title": "Spicejet post testing",
          "fullFile": "",
          "file": "",
          "beforeHooks": [],
          "afterHooks": [],
          "tests": [
            {
              "title": "verify home page",
              "fullTitle": "Spicejet post testing verify home page",
              "timedOut": null,
              "duration": 0,
              "state": "pending",
              "speed": null,
              "pass": false,
              "fail": false,
              "pending": true,
              "context": null,
              "code": "",
              "err": {},
              "uuid": "62925c19-8b93-4115-b14d-5d4494788a96",
              "parentUUID": "169c5794-5f23-46e9-9db2-2e30bf13dd28",
              "isHook": false,
              "skipped": false
            },
            {
              "title": "verify spicejet portal details",
              "fullTitle": "Spicejet post testing verify spicejet portal details",
              "timedOut": null,
              "duration": 5479,
              "state": "passed",
              "speed": "medium",
              "pass": true,
              "fail": false,
              "pending": false,
              "context": null,
              "code": "cy.visit('https://www.spicejet.com');\ncy.SpicejetTitle('SpiceJet - Flight Booking for Domestic and International, Cheap Air Tickets');",
              "err": {},
              "uuid": "210638e0-5f01-415b-bba4-0a54561cb422",
              "parentUUID": "169c5794-5f23-46e9-9db2-2e30bf13dd28",
              "isHook": false,
              "skipped": false
            }
          ],
          "suites": [],
          "passes": [
            "210638e0-5f01-415b-bba4-0a54561cb422"
          ],
          "failures": [],
          "pending": [
            "62925c19-8b93-4115-b14d-5d4494788a96"
          ],
          "skipped": [],
          "duration": 5479,
          "root": false,
          "rootEmpty": false,
          "_timeout": 2000
        }
      ],
      "passes": [],
      "failures": [],
      "pending": [],
      "skipped": [],
      "duration": 0,
      "root": true,
      "rootEmpty": true,
      "_timeout": 2000
    }
  ],
  "meta": {
    "mocha": {
      "version": "7.0.1"
    },
    "mochawesome": {
      "options": {
        "quiet": false,
        "reportFilename": "mochawesome",
        "saveHtml": false,
        "saveJson": true,
        "consoleReporter": "spec",
        "useInlineDiffs": false,
        "code": true
      },
      "version": "7.1.3"
    },
    "marge": {
      "options": {
        "charts": true,
        "overwrite": false,
        "html": false,
        "json": true,
        "reportDir": "cypress/report/mochawesome-report"
      },
      "version": "6.2.0"
    }
  }
}