{
  "stats": {
    "suites": 1,
    "tests": 1,
    "passes": 1,
    "pending": 0,
    "failures": 0,
    "start": "2022-09-07T12:30:37.672Z",
    "end": "2022-09-07T12:30:59.202Z",
    "duration": 21530,
    "testsRegistered": 1,
    "passPercent": 100,
    "pendingPercent": 0,
    "other": 0,
    "hasOther": false,
    "skipped": 0,
    "hasSkipped": false
  },
  "results": [
    {
      "uuid": "36cf49cf-9c7e-4485-8dd9-c87848643783",
      "title": "",
      "fullFile": "cypress\\e2e\\e2eSmoke\\amazon.cy.js",
      "file": "cypress\\e2e\\e2eSmoke\\amazon.cy.js",
      "beforeHooks": [],
      "afterHooks": [],
      "tests": [],
      "suites": [
        {
          "uuid": "dcacd3b5-237e-480a-897e-57da5595483a",
          "title": "Amazon Portal Testing",
          "fullFile": "",
          "file": "",
          "beforeHooks": [],
          "afterHooks": [],
          "tests": [
            {
              "title": "verify search in amazon",
              "fullTitle": "Amazon Portal Testing verify search in amazon",
              "timedOut": null,
              "duration": 18156,
              "state": "passed",
              "speed": "slow",
              "pass": true,
              "fail": false,
              "pending": false,
              "context": null,
              "code": "cy.visit('https://www.amazon.in');\ncy.get('div.nav-search-field').within(() => {\n  cy.get('input#twotabsearchtextbox').type('Apple Mac Book');\n});",
              "err": {},
              "uuid": "9afa7e80-7c5f-42c9-9aad-7616c11e1c3d",
              "parentUUID": "dcacd3b5-237e-480a-897e-57da5595483a",
              "isHook": false,
              "skipped": false
            }
          ],
          "suites": [],
          "passes": [
            "9afa7e80-7c5f-42c9-9aad-7616c11e1c3d"
          ],
          "failures": [],
          "pending": [],
          "skipped": [],
          "duration": 18156,
          "root": false,
          "rootEmpty": false,
          "_timeout": 2000
        }
      ],
      "passes": [],
      "failures": [],
      "pending": [],
      "skipped": [],
      "duration": 0,
      "root": true,
      "rootEmpty": true,
      "_timeout": 2000
    }
  ],
  "meta": {
    "mocha": {
      "version": "7.0.1"
    },
    "mochawesome": {
      "options": {
        "quiet": false,
        "reportFilename": "mochawesome",
        "saveHtml": false,
        "saveJson": true,
        "consoleReporter": "spec",
        "useInlineDiffs": false,
        "code": true
      },
      "version": "7.1.3"
    },
    "marge": {
      "options": {
        "charts": true,
        "overwrite": false,
        "html": false,
        "json": true,
        "reportDir": "cypress/report/mochawesome-report"
      },
      "version": "6.2.0"
    }
  }
}