{
  "stats": {
    "suites": 1,
    "tests": 1,
    "passes": 0,
    "pending": 0,
    "failures": 1,
    "start": "2022-09-07T12:31:12.653Z",
    "end": "2022-09-07T12:32:16.153Z",
    "duration": 63500,
    "testsRegistered": 1,
    "passPercent": 0,
    "pendingPercent": 0,
    "other": 0,
    "hasOther": false,
    "skipped": 0,
    "hasSkipped": false
  },
  "results": [
    {
      "uuid": "7f7cd355-12a2-4f92-9b15-4b39b19a0865",
      "title": "",
      "fullFile": "cypress\\e2e\\freshwork.cy.js",
      "file": "cypress\\e2e\\freshwork.cy.js",
      "beforeHooks": [],
      "afterHooks": [],
      "tests": [],
      "suites": [
        {
          "uuid": "541a36b5-edd2-4f11-b922-de31d4390024",
          "title": "Freshworks portal",
          "fullFile": "",
          "file": "",
          "beforeHooks": [],
          "afterHooks": [],
          "tests": [
            {
              "title": "verify the footer links",
              "fullTitle": "Freshworks portal verify the footer links",
              "timedOut": null,
              "duration": 61096,
              "state": "failed",
              "speed": null,
              "pass": false,
              "fail": true,
              "pending": false,
              "context": null,
              "code": "cy.visit('https://www.freshworks.com');\ncy.get(\"ul.footer-nav>li\").should(\"have.length\", 24);",
              "err": {
                "message": "CypressError: Timed out after waiting `60000ms` for your remote page to load.\n\nYour page did not fire its `load` event within `60000ms`.\n\nYou can try increasing the `pageLoadTimeout` value in `cypress.config.js` to wait longer.\n\nBrowsers will not fire the `load` event until all stylesheets and scripts are done downloading.\n\nWhen this `load` event occurs, Cypress will continue running commands.",
                "estack": "CypressError: Timed out after waiting `60000ms` for your remote page to load.\n\nYour page did not fire its `load` event within `60000ms`.\n\nYou can try increasing the `pageLoadTimeout` value in `cypress.config.js` to wait longer.\n\nBrowsers will not fire the `load` event until all stylesheets and scripts are done downloading.\n\nWhen this `load` event occurs, Cypress will continue running commands.\n    at timedOutWaitingForPageLoad (https://www.freshworks.com/__cypress/runner/cypress_runner.js:151177:74)\n    at https://www.freshworks.com/__cypress/runner/cypress_runner.js:152398:16\n    at tryCatcher (https://www.freshworks.com/__cypress/runner/cypress_runner.js:11318:23)\n    at https://www.freshworks.com/__cypress/runner/cypress_runner.js:6440:41\n    at tryCatcher (https://www.freshworks.com/__cypress/runner/cypress_runner.js:11318:23)\n    at Promise._settlePromiseFromHandler (https://www.freshworks.com/__cypress/runner/cypress_runner.js:9253:31)\n    at Promise._settlePromise (https://www.freshworks.com/__cypress/runner/cypress_runner.js:9310:18)\n    at Promise._settlePromise0 (https://www.freshworks.com/__cypress/runner/cypress_runner.js:9355:10)\n    at Promise._settlePromises (https://www.freshworks.com/__cypress/runner/cypress_runner.js:9431:18)\n    at _drainQueueStep (https://www.freshworks.com/__cypress/runner/cypress_runner.js:6025:12)\n    at _drainQueue (https://www.freshworks.com/__cypress/runner/cypress_runner.js:6018:9)\n    at ../../node_modules/bluebird/js/release/async.js.Async._drainQueues (https://www.freshworks.com/__cypress/runner/cypress_runner.js:6034:5)\n    at Async.drainQueues (https://www.freshworks.com/__cypress/runner/cypress_runner.js:5904:14)\nFrom Your Spec Code:\n    at Context.eval (https://www.freshworks.com/__cypress/tests?p=cypress\\e2e\\freshwork.cy.js:101:8)",
                "diff": null
              },
              "uuid": "f3d1f772-d0ca-463a-ac76-401ce7063956",
              "parentUUID": "541a36b5-edd2-4f11-b922-de31d4390024",
              "isHook": false,
              "skipped": false
            }
          ],
          "suites": [],
          "passes": [],
          "failures": [
            "f3d1f772-d0ca-463a-ac76-401ce7063956"
          ],
          "pending": [],
          "skipped": [],
          "duration": 61096,
          "root": false,
          "rootEmpty": false,
          "_timeout": 2000
        }
      ],
      "passes": [],
      "failures": [],
      "pending": [],
      "skipped": [],
      "duration": 0,
      "root": true,
      "rootEmpty": true,
      "_timeout": 2000
    }
  ],
  "meta": {
    "mocha": {
      "version": "7.0.1"
    },
    "mochawesome": {
      "options": {
        "quiet": false,
        "reportFilename": "mochawesome",
        "saveHtml": false,
        "saveJson": true,
        "consoleReporter": "spec",
        "useInlineDiffs": false,
        "code": true
      },
      "version": "7.1.3"
    },
    "marge": {
      "options": {
        "charts": true,
        "overwrite": false,
        "html": false,
        "json": true,
        "reportDir": "cypress/report/mochawesome-report"
      },
      "version": "6.2.0"
    }
  }
}